parmake_sub_02: started pmake_worker()
parmake_sub_02: Listening for job
parmake_sub_02: got job: (<function parmake_job2 at 0xffff9c08f430>, ('exercise2-DepthFirst0-BreadthFirst1-IterativeDeepening2-DepthFirst3-algo_placeholder', <compmake.context.Context object at 0xffff7bad6ac0>, 'q-281472756790176-2876', True, '/out-docker/exercise2/compmake/parmake_job2_logs'))
parmake_sub_02: result: {'user_object': None, 'user_object_deps': set(), 'new_jobs': [], 'deleted_jobs': set()}
parmake_sub_02: putting result in result_queue..
parmake_sub_02: (done)
parmake_sub_02: ...done.
parmake_sub_02: Listening for job
parmake_sub_02: got job: (<function parmake_job2 at 0xffff9c08f430>, ('exercise2-DepthFirst0-BreadthFirst1-IterativeDeepening2-DepthFirst3-exercise2_report', <compmake.context.Context object at 0xffff7b99e070>, 'q-281472756790176-2876', True, '/out-docker/exercise2/compmake/parmake_job2_logs'))
parmake_sub_02: result: {'user_object': None, 'user_object_deps': set(), 'new_jobs': [], 'deleted_jobs': set()}
parmake_sub_02: putting result in result_queue..
parmake_sub_02: (done)
parmake_sub_02: ...done.
parmake_sub_02: Listening for job
parmake_sub_02: got job: (<function parmake_job2 at 0xffff9c08f430>, ('exercise2-DepthFirst0-BreadthFirst1-IterativeDeepening2-DepthFirst3-exercise2_report-write', <compmake.context.Context object at 0xffff7b99e610>, 'q-281472756790176-2876', True, '/out-docker/exercise2/compmake/parmake_job2_logs'))
parmake_sub_02: result: {'user_object': None, 'user_object_deps': set(), 'new_jobs': [], 'deleted_jobs': set()}
parmake_sub_02: putting result in result_queue..
parmake_sub_02: (done)
parmake_sub_02: ...done.
parmake_sub_02: Listening for job
parmake_sub_02: got job: (<function parmake_job2 at 0xffff9c08f430>, ('exercise2-DepthFirst0-BreadthFirst1-IterativeDeepening2-DepthFirst3-BreadthFirst4-IterativeDeepening5-DepthFirst6-BreadthFirst7-algo_placeholder', <compmake.context.Context object at 0xffff7bad6af0>, 'q-281472756790176-2876', True, '/out-docker/exercise2/compmake/parmake_job2_logs'))
parmake_sub_02: result: {'user_object': None, 'user_object_deps': set(), 'new_jobs': [], 'deleted_jobs': set()}
parmake_sub_02: putting result in result_queue..
parmake_sub_02: (done)
parmake_sub_02: ...done.
parmake_sub_02: Listening for job
parmake_sub_02: got job: (<function parmake_job2 at 0xffff9c08f430>, ('exercise2-DepthFirst0-BreadthFirst1-IterativeDeepening2-DepthFirst3-BreadthFirst4-IterativeDeepening5-DepthFirst6-BreadthFirst7-exercise2_report', <compmake.context.Context object at 0xffff7b99e610>, 'q-281472756790176-2876', True, '/out-docker/exercise2/compmake/parmake_job2_logs'))
parmake_sub_02: result: {'user_object': None, 'user_object_deps': set(), 'new_jobs': [], 'deleted_jobs': set()}
parmake_sub_02: putting result in result_queue..
parmake_sub_02: (done)
parmake_sub_02: ...done.
parmake_sub_02: Listening for job
parmake_sub_02: got job: (<function parmake_job2 at 0xffff9c08f430>, ('exercise2-DepthFirst0-BreadthFirst1-IterativeDeepening2-DepthFirst3-BreadthFirst4-IterativeDeepening5-DepthFirst6-BreadthFirst7-exercise2_report-write', <compmake.context.Context object at 0xffff7bad6af0>, 'q-281472756790176-2876', True, '/out-docker/exercise2/compmake/parmake_job2_logs'))
parmake_sub_02: result: {'user_object': None, 'user_object_deps': set(), 'new_jobs': [], 'deleted_jobs': set()}
parmake_sub_02: putting result in result_queue..
parmake_sub_02: (done)
parmake_sub_02: ...done.
parmake_sub_02: Listening for job
parmake_sub_02: Could not receive anything.
parmake_sub_02: Listening for job
parmake_sub_02: Could not receive anything.
parmake_sub_02: Listening for job
parmake_sub_02: Could not receive anything.
parmake_sub_02: Listening for job
parmake_sub_02: Could not receive anything.
parmake_sub_02: Listening for job
parmake_sub_02: Could not receive anything.
parmake_sub_02: Listening for job
parmake_sub_02: Could not receive anything.
parmake_sub_02: Listening for job
parmake_sub_02: Could not receive anything.
parmake_sub_02: Listening for job
parmake_sub_02: Could not receive anything.
parmake_sub_02: Listening for job
parmake_sub_02: Could not receive anything.
parmake_sub_02: Listening for job
parmake_sub_02: Could not receive anything.
parmake_sub_02: Listening for job
parmake_sub_02: Could not receive anything.
parmake_sub_02: Listening for job
parmake_sub_02: Could not receive anything.
parmake_sub_02: Listening for job
parmake_sub_02: Could not receive anything.
parmake_sub_02: Listening for job
parmake_sub_02: Could not receive anything.
parmake_sub_02: Listening for job
parmake_sub_02: Could not receive anything.
parmake_sub_02: Listening for job
parmake_sub_02: Could not receive anything.
parmake_sub_02: Listening for job
parmake_sub_02: Could not receive anything.
parmake_sub_02: Listening for job
parmake_sub_02: Could not receive anything.
parmake_sub_02: Listening for job
parmake_sub_02: Could not receive anything.
parmake_sub_02: Listening for job
parmake_sub_02: Could not receive anything.
parmake_sub_02: Listening for job
parmake_sub_02: Could not receive anything.
parmake_sub_02: Listening for job
parmake_sub_02: Could not receive anything.
parmake_sub_02: Listening for job
parmake_sub_02: Could not receive anything.
parmake_sub_02: Listening for job
parmake_sub_02: Could not receive anything.
parmake_sub_02: Listening for job
parmake_sub_02: Could not receive anything.
parmake_sub_02: Listening for job
parmake_sub_02: Could not receive anything.
parmake_sub_02: Listening for job
parmake_sub_02: Could not receive anything.
parmake_sub_02: Listening for job
parmake_sub_02: Could not receive anything.
parmake_sub_02: Listening for job
parmake_sub_02: Could not receive anything.
parmake_sub_02: Listening for job
parmake_sub_02: Could not receive anything.
parmake_sub_02: Listening for job
parmake_sub_02: Could not receive anything.
parmake_sub_02: Listening for job
parmake_sub_02: Could not receive anything.
parmake_sub_02: Listening for job
parmake_sub_02: Could not receive anything.
parmake_sub_02: Listening for job
parmake_sub_02: Could not receive anything.
parmake_sub_02: Listening for job
parmake_sub_02: Could not receive anything.
parmake_sub_02: Listening for job
parmake_sub_02: Could not receive anything.
parmake_sub_02: Listening for job
parmake_sub_02: Could not receive anything.
parmake_sub_02: Listening for job
parmake_sub_02: Could not receive anything.
parmake_sub_02: Listening for job
parmake_sub_02: Could not receive anything.
parmake_sub_02: Listening for job
parmake_sub_02: Could not receive anything.
parmake_sub_02: Listening for job
parmake_sub_02: Could not receive anything.
parmake_sub_02: Listening for job
parmake_sub_02: Could not receive anything.
parmake_sub_02: Listening for job
parmake_sub_02: Could not receive anything.
parmake_sub_02: Listening for job
parmake_sub_02: Could not receive anything.
parmake_sub_02: Listening for job
parmake_sub_02: Could not receive anything.
parmake_sub_02: Listening for job
parmake_sub_02: Could not receive anything.
parmake_sub_02: Listening for job
parmake_sub_02: Could not receive anything.
parmake_sub_02: Listening for job
parmake_sub_02: Could not receive anything.
parmake_sub_02: Listening for job
parmake_sub_02: Could not receive anything.
parmake_sub_02: Listening for job
parmake_sub_02: Could not receive anything.
parmake_sub_02: Listening for job
parmake_sub_02: Could not receive anything.
parmake_sub_02: Listening for job
parmake_sub_02: Could not receive anything.
parmake_sub_02: Listening for job
parmake_sub_02: Could not receive anything.
parmake_sub_02: Listening for job
parmake_sub_02: Could not receive anything.
parmake_sub_02: Listening for job
parmake_sub_02: Could not receive anything.
parmake_sub_02: Listening for job
parmake_sub_02: Could not receive anything.
parmake_sub_02: Listening for job
parmake_sub_02: Could not receive anything.
parmake_sub_02: Listening for job
parmake_sub_02: Could not receive anything.
parmake_sub_02: Listening for job
parmake_sub_02: Could not receive anything.
parmake_sub_02: Listening for job
parmake_sub_02: Could not receive anything.
parmake_sub_02: Listening for job
parmake_sub_02: Could not receive anything.
parmake_sub_02: Listening for job
parmake_sub_02: Could not receive anything.
parmake_sub_02: Listening for job
parmake_sub_02: Could not receive anything.
parmake_sub_02: Listening for job
parmake_sub_02: Could not receive anything.
parmake_sub_02: Listening for job
parmake_sub_02: Could not receive anything.
parmake_sub_02: Listening for job
parmake_sub_02: Could not receive anything.
parmake_sub_02: Listening for job
parmake_sub_02: Could not receive anything.
parmake_sub_02: Listening for job
parmake_sub_02: Could not receive anything.
parmake_sub_02: Listening for job
parmake_sub_02: Could not receive anything.
parmake_sub_02: Listening for job
parmake_sub_02: Could not receive anything.
parmake_sub_02: Listening for job
parmake_sub_02: Could not receive anything.
parmake_sub_02: Listening for job
parmake_sub_02: Could not receive anything.
parmake_sub_02: Listening for job
parmake_sub_02: Could not receive anything.
parmake_sub_02: Listening for job
parmake_sub_02: Could not receive anything.
parmake_sub_02: Listening for job
parmake_sub_02: Could not receive anything.
parmake_sub_02: Listening for job
parmake_sub_02: Could not receive anything.
parmake_sub_02: Listening for job
parmake_sub_02: Could not receive anything.
parmake_sub_02: Listening for job
parmake_sub_02: Could not receive anything.
parmake_sub_02: Listening for job
parmake_sub_02: Could not receive anything.
parmake_sub_02: Listening for job
parmake_sub_02: Could not receive anything.
parmake_sub_02: Listening for job
parmake_sub_02: Could not receive anything.
parmake_sub_02: Listening for job
parmake_sub_02: Could not receive anything.
parmake_sub_02: Listening for job
parmake_sub_02: Could not receive anything.
parmake_sub_02: Listening for job
parmake_sub_02: Could not receive anything.
parmake_sub_02: Listening for job
parmake_sub_02: Could not receive anything.
parmake_sub_02: Listening for job
parmake_sub_02: Could not receive anything.
parmake_sub_02: Listening for job
parmake_sub_02: Could not receive anything.
parmake_sub_02: Listening for job
parmake_sub_02: Could not receive anything.
parmake_sub_02: Listening for job
parmake_sub_02: Could not receive anything.
parmake_sub_02: Listening for job
parmake_sub_02: Could not receive anything.
parmake_sub_02: Listening for job
parmake_sub_02: Could not receive anything.
parmake_sub_02: Listening for job
parmake_sub_02: Could not receive anything.
parmake_sub_02: Listening for job
parmake_sub_02: Could not receive anything.
parmake_sub_02: Listening for job
parmake_sub_02: Could not receive anything.
parmake_sub_02: Listening for job
parmake_sub_02: Could not receive anything.
parmake_sub_02: Listening for job
parmake_sub_02: Could not receive anything.
parmake_sub_02: Listening for job
parmake_sub_02: Could not receive anything.
parmake_sub_02: Listening for job
parmake_sub_02: Could not receive anything.
parmake_sub_02: Listening for job
parmake_sub_02: Could not receive anything.
parmake_sub_02: Listening for job
parmake_sub_02: Could not receive anything.
parmake_sub_02: Listening for job
parmake_sub_02: Could not receive anything.
parmake_sub_02: Listening for job
parmake_sub_02: Could not receive anything.
parmake_sub_02: Listening for job
parmake_sub_02: Could not receive anything.
parmake_sub_02: Listening for job
parmake_sub_02: Could not receive anything.
parmake_sub_02: Listening for job
parmake_sub_02: Could not receive anything.
parmake_sub_02: Listening for job
parmake_sub_02: Could not receive anything.
parmake_sub_02: Listening for job
parmake_sub_02: Could not receive anything.
parmake_sub_02: Listening for job
parmake_sub_02: Could not receive anything.
parmake_sub_02: Listening for job
parmake_sub_02: Could not receive anything.
parmake_sub_02: Listening for job
parmake_sub_02: Could not receive anything.
parmake_sub_02: Listening for job
parmake_sub_02: Could not receive anything.
parmake_sub_02: Listening for job
parmake_sub_02: Could not receive anything.
parmake_sub_02: Listening for job
parmake_sub_02: Could not receive anything.
parmake_sub_02: Listening for job
parmake_sub_02: Could not receive anything.
parmake_sub_02: Listening for job
parmake_sub_02: Could not receive anything.
parmake_sub_02: Listening for job
parmake_sub_02: Could not receive anything.
parmake_sub_02: Listening for job
parmake_sub_02: Could not receive anything.
parmake_sub_02: Listening for job
parmake_sub_02: Could not receive anything.
parmake_sub_02: Listening for job
parmake_sub_02: Could not receive anything.
parmake_sub_02: Listening for job
parmake_sub_02: Could not receive anything.
parmake_sub_02: Listening for job
parmake_sub_02: Could not receive anything.
parmake_sub_02: Listening for job
parmake_sub_02: Could not receive anything.
parmake_sub_02: Listening for job
parmake_sub_02: Could not receive anything.
parmake_sub_02: Listening for job
parmake_sub_02: Could not receive anything.
parmake_sub_02: Listening for job
parmake_sub_02: Could not receive anything.
parmake_sub_02: Listening for job
parmake_sub_02: Could not receive anything.
parmake_sub_02: Listening for job
parmake_sub_02: Could not receive anything.
parmake_sub_02: Listening for job
parmake_sub_02: Could not receive anything.
parmake_sub_02: Listening for job
parmake_sub_02: Could not receive anything.
parmake_sub_02: Listening for job
parmake_sub_02: Could not receive anything.
parmake_sub_02: Listening for job
parmake_sub_02: Could not receive anything.
parmake_sub_02: Listening for job
parmake_sub_02: Could not receive anything.
parmake_sub_02: Listening for job
parmake_sub_02: Could not receive anything.
parmake_sub_02: Listening for job
parmake_sub_02: Could not receive anything.
parmake_sub_02: Listening for job
parmake_sub_02: Could not receive anything.
parmake_sub_02: Listening for job
parmake_sub_02: Could not receive anything.
parmake_sub_02: Listening for job
parmake_sub_02: Could not receive anything.
parmake_sub_02: Listening for job
parmake_sub_02: Could not receive anything.
parmake_sub_02: Listening for job
parmake_sub_02: Could not receive anything.
parmake_sub_02: Listening for job
parmake_sub_02: Could not receive anything.
parmake_sub_02: Listening for job
parmake_sub_02: Could not receive anything.
parmake_sub_02: Listening for job
parmake_sub_02: Could not receive anything.
parmake_sub_02: Listening for job
parmake_sub_02: Could not receive anything.
parmake_sub_02: Listening for job
parmake_sub_02: Could not receive anything.
parmake_sub_02: Listening for job
parmake_sub_02: Could not receive anything.
parmake_sub_02: Listening for job
parmake_sub_02: Could not receive anything.
parmake_sub_02: Listening for job
parmake_sub_02: Could not receive anything.
parmake_sub_02: Listening for job
parmake_sub_02: Could not receive anything.
parmake_sub_02: Listening for job
parmake_sub_02: Could not receive anything.
parmake_sub_02: Listening for job
parmake_sub_02: Could not receive anything.
parmake_sub_02: Listening for job
parmake_sub_02: Could not receive anything.
parmake_sub_02: Listening for job
parmake_sub_02: Could not receive anything.
parmake_sub_02: Listening for job
parmake_sub_02: Could not receive anything.
parmake_sub_02: Listening for job
parmake_sub_02: Could not receive anything.
parmake_sub_02: Listening for job
parmake_sub_02: Could not receive anything.
parmake_sub_02: Listening for job
parmake_sub_02: Could not receive anything.
parmake_sub_02: Listening for job
parmake_sub_02: Could not receive anything.
parmake_sub_02: Listening for job
parmake_sub_02: Could not receive anything.
parmake_sub_02: Listening for job
parmake_sub_02: Could not receive anything.
parmake_sub_02: Listening for job
parmake_sub_02: Could not receive anything.
parmake_sub_02: Listening for job
parmake_sub_02: Could not receive anything.
parmake_sub_02: Listening for job
parmake_sub_02: Could not receive anything.
parmake_sub_02: Listening for job
parmake_sub_02: Could not receive anything.
parmake_sub_02: Listening for job
parmake_sub_02: Could not receive anything.
parmake_sub_02: Listening for job
parmake_sub_02: Could not receive anything.
parmake_sub_02: Listening for job
parmake_sub_02: Could not receive anything.
parmake_sub_02: Listening for job
parmake_sub_02: Could not receive anything.
parmake_sub_02: Listening for job
parmake_sub_02: Could not receive anything.
parmake_sub_02: Listening for job
parmake_sub_02: Could not receive anything.
parmake_sub_02: Listening for job
parmake_sub_02: Could not receive anything.
parmake_sub_02: Listening for job
parmake_sub_02: Could not receive anything.
parmake_sub_02: Listening for job
parmake_sub_02: Could not receive anything.
parmake_sub_02: Listening for job
parmake_sub_02: Could not receive anything.
parmake_sub_02: Listening for job
parmake_sub_02: Could not receive anything.
parmake_sub_02: Listening for job
parmake_sub_02: Could not receive anything.
parmake_sub_02: Listening for job
parmake_sub_02: Could not receive anything.
parmake_sub_02: Listening for job
parmake_sub_02: Could not receive anything.
parmake_sub_02: Listening for job
parmake_sub_02: Could not receive anything.
parmake_sub_02: Listening for job
parmake_sub_02: Could not receive anything.
parmake_sub_02: Listening for job
parmake_sub_02: Could not receive anything.
parmake_sub_02: Listening for job
parmake_sub_02: Could not receive anything.
parmake_sub_02: Listening for job
parmake_sub_02: Could not receive anything.
parmake_sub_02: Listening for job
parmake_sub_02: Could not receive anything.
parmake_sub_02: Listening for job
parmake_sub_02: Could not receive anything.
parmake_sub_02: Listening for job
parmake_sub_02: Could not receive anything.
parmake_sub_02: Listening for job
parmake_sub_02: Could not receive anything.
parmake_sub_02: Listening for job
parmake_sub_02: Could not receive anything.
parmake_sub_02: Listening for job
parmake_sub_02: Could not receive anything.
parmake_sub_02: Listening for job
parmake_sub_02: Could not receive anything.
parmake_sub_02: Listening for job
parmake_sub_02: Could not receive anything.
parmake_sub_02: Listening for job
parmake_sub_02: Could not receive anything.
parmake_sub_02: Listening for job
parmake_sub_02: Could not receive anything.
parmake_sub_02: Listening for job
parmake_sub_02: Could not receive anything.
parmake_sub_02: Listening for job
parmake_sub_02: Could not receive anything.
parmake_sub_02: Listening for job
parmake_sub_02: Could not receive anything.
parmake_sub_02: Listening for job
parmake_sub_02: Could not receive anything.
parmake_sub_02: Listening for job
parmake_sub_02: Could not receive anything.
parmake_sub_02: Listening for job
parmake_sub_02: Could not receive anything.
parmake_sub_02: Listening for job
parmake_sub_02: Could not receive anything.
parmake_sub_02: Listening for job
parmake_sub_02: Could not receive anything.
parmake_sub_02: Listening for job
parmake_sub_02: Could not receive anything.
parmake_sub_02: Listening for job
parmake_sub_02: Could not receive anything.
parmake_sub_02: Listening for job
parmake_sub_02: Could not receive anything.
parmake_sub_02: Listening for job
parmake_sub_02: Could not receive anything.
parmake_sub_02: Listening for job
parmake_sub_02: Could not receive anything.
parmake_sub_02: Listening for job
parmake_sub_02: Could not receive anything.
parmake_sub_02: Listening for job
parmake_sub_02: Could not receive anything.
parmake_sub_02: Listening for job
parmake_sub_02: Could not receive anything.
parmake_sub_02: Listening for job
parmake_sub_02: Could not receive anything.
parmake_sub_02: Listening for job
parmake_sub_02: Could not receive anything.
parmake_sub_02: Listening for job
parmake_sub_02: Could not receive anything.
parmake_sub_02: Listening for job
parmake_sub_02: Could not receive anything.
parmake_sub_02: Listening for job
parmake_sub_02: Could not receive anything.
parmake_sub_02: Listening for job
parmake_sub_02: Could not receive anything.
parmake_sub_02: Listening for job
parmake_sub_02: Could not receive anything.
parmake_sub_02: Listening for job
parmake_sub_02: Could not receive anything.
parmake_sub_02: Listening for job
parmake_sub_02: Could not receive anything.
parmake_sub_02: Listening for job
parmake_sub_02: Could not receive anything.
parmake_sub_02: Listening for job
parmake_sub_02: Could not receive anything.
parmake_sub_02: Listening for job
parmake_sub_02: Could not receive anything.
parmake_sub_02: Listening for job
parmake_sub_02: Could not receive anything.
parmake_sub_02: Listening for job
parmake_sub_02: Could not receive anything.
parmake_sub_02: Listening for job
parmake_sub_02: Could not receive anything.
parmake_sub_02: Listening for job
parmake_sub_02: Could not receive anything.
parmake_sub_02: Listening for job
parmake_sub_02: Could not receive anything.
parmake_sub_02: Listening for job
parmake_sub_02: Could not receive anything.
parmake_sub_02: Listening for job
parmake_sub_02: Could not receive anything.
parmake_sub_02: Listening for job
parmake_sub_02: Could not receive anything.
parmake_sub_02: Listening for job
parmake_sub_02: Could not receive anything.
parmake_sub_02: Listening for job
parmake_sub_02: Could not receive anything.
parmake_sub_02: Listening for job
parmake_sub_02: Could not receive anything.
parmake_sub_02: Listening for job
parmake_sub_02: Could not receive anything.
parmake_sub_02: Listening for job
parmake_sub_02: Could not receive anything.
parmake_sub_02: Listening for job
parmake_sub_02: Could not receive anything.
parmake_sub_02: Listening for job
parmake_sub_02: Could not receive anything.
parmake_sub_02: Listening for job
parmake_sub_02: Could not receive anything.
parmake_sub_02: Listening for job
parmake_sub_02: Could not receive anything.
parmake_sub_02: Listening for job
parmake_sub_02: Could not receive anything.
parmake_sub_02: Listening for job
parmake_sub_02: Could not receive anything.
parmake_sub_02: Listening for job
parmake_sub_02: Could not receive anything.
parmake_sub_02: Listening for job
parmake_sub_02: Could not receive anything.
parmake_sub_02: Listening for job
parmake_sub_02: Could not receive anything.
parmake_sub_02: Listening for job
parmake_sub_02: Could not receive anything.
parmake_sub_02: Listening for job
parmake_sub_02: Could not receive anything.
parmake_sub_02: Listening for job
parmake_sub_02: Could not receive anything.
parmake_sub_02: Listening for job
parmake_sub_02: Could not receive anything.
parmake_sub_02: Listening for job
parmake_sub_02: Could not receive anything.
parmake_sub_02: Listening for job
parmake_sub_02: Could not receive anything.
parmake_sub_02: Listening for job
parmake_sub_02: Could not receive anything.
parmake_sub_02: Listening for job
parmake_sub_02: Could not receive anything.
parmake_sub_02: Listening for job
parmake_sub_02: Could not receive anything.
parmake_sub_02: Listening for job
parmake_sub_02: Could not receive anything.
parmake_sub_02: Listening for job
parmake_sub_02: Could not receive anything.
parmake_sub_02: Listening for job
parmake_sub_02: Could not receive anything.
parmake_sub_02: Listening for job
parmake_sub_02: Could not receive anything.
parmake_sub_02: Listening for job
parmake_sub_02: Could not receive anything.
parmake_sub_02: Listening for job
parmake_sub_02: Could not receive anything.
parmake_sub_02: Listening for job
parmake_sub_02: Could not receive anything.
parmake_sub_02: Listening for job
parmake_sub_02: Could not receive anything.
parmake_sub_02: Listening for job
parmake_sub_02: Could not receive anything.
parmake_sub_02: Listening for job
parmake_sub_02: Received EXIT_TOKEN.
parmake_sub_02: saving coverage
