parmake_sub_01: started pmake_worker()
parmake_sub_01: Listening for job
parmake_sub_01: got job: (<function parmake_job2 at 0xffff9c08f430>, ('exercise2-DepthFirst0-algo_placeholder', <compmake.context.Context object at 0xffff7bad6460>, 'q-281472756790176-2876', True, '/out-docker/exercise2/compmake/parmake_job2_logs'))
parmake_sub_01: result: {'user_object': None, 'user_object_deps': set(), 'new_jobs': [], 'deleted_jobs': set()}
parmake_sub_01: putting result in result_queue..
parmake_sub_01: (done)
parmake_sub_01: ...done.
parmake_sub_01: Listening for job
parmake_sub_01: got job: (<function parmake_job2 at 0xffff9c08f430>, ('exercise2-DepthFirst0-exercise2_report', <compmake.context.Context object at 0xffff7b59fc70>, 'q-281472756790176-2876', True, '/out-docker/exercise2/compmake/parmake_job2_logs'))
parmake_sub_01: result: {'user_object': None, 'user_object_deps': set(), 'new_jobs': [], 'deleted_jobs': set()}
parmake_sub_01: putting result in result_queue..
parmake_sub_01: (done)
parmake_sub_01: ...done.
parmake_sub_01: Listening for job
parmake_sub_01: got job: (<function parmake_job2 at 0xffff9c08f430>, ('exercise2-DepthFirst0-BreadthFirst1-IterativeDeepening2-algo_placeholder', <compmake.context.Context object at 0xffff7b9990a0>, 'q-281472756790176-2876', True, '/out-docker/exercise2/compmake/parmake_job2_logs'))
parmake_sub_01: result: {'user_object': None, 'user_object_deps': set(), 'new_jobs': [], 'deleted_jobs': set()}
parmake_sub_01: putting result in result_queue..
parmake_sub_01: (done)
parmake_sub_01: ...done.
parmake_sub_01: Listening for job
parmake_sub_01: got job: (<function parmake_job2 at 0xffff9c08f430>, ('exercise2-DepthFirst0-exercise2_report-write', <compmake.context.Context object at 0xffff7b59fd90>, 'q-281472756790176-2876', True, '/out-docker/exercise2/compmake/parmake_job2_logs'))
parmake_sub_01: result: {'user_object': None, 'user_object_deps': set(), 'new_jobs': [], 'deleted_jobs': set()}
parmake_sub_01: putting result in result_queue..
parmake_sub_01: (done)
parmake_sub_01: ...done.
parmake_sub_01: Listening for job
parmake_sub_01: got job: (<function parmake_job2 at 0xffff9c08f430>, ('exercise2-DepthFirst0-BreadthFirst1-algo_placeholder', <compmake.context.Context object at 0xffff7bad65b0>, 'q-281472756790176-2876', True, '/out-docker/exercise2/compmake/parmake_job2_logs'))
parmake_sub_01: result: {'user_object': None, 'user_object_deps': set(), 'new_jobs': [], 'deleted_jobs': set()}
parmake_sub_01: putting result in result_queue..
parmake_sub_01: (done)
parmake_sub_01: ...done.
parmake_sub_01: Listening for job
parmake_sub_01: got job: (<function parmake_job2 at 0xffff9c08f430>, ('exercise2-DepthFirst0-BreadthFirst1-exercise2_report', <compmake.context.Context object at 0xffff7b8ff5b0>, 'q-281472756790176-2876', True, '/out-docker/exercise2/compmake/parmake_job2_logs'))
parmake_sub_01: result: {'user_object': None, 'user_object_deps': set(), 'new_jobs': [], 'deleted_jobs': set()}
parmake_sub_01: putting result in result_queue..
parmake_sub_01: (done)
parmake_sub_01: ...done.
parmake_sub_01: Listening for job
parmake_sub_01: got job: (<function parmake_job2 at 0xffff9c08f430>, ('exercise2-DepthFirst0-BreadthFirst1-exercise2_report-write', <compmake.context.Context object at 0xffff7b6de1c0>, 'q-281472756790176-2876', True, '/out-docker/exercise2/compmake/parmake_job2_logs'))
parmake_sub_01: result: {'user_object': None, 'user_object_deps': set(), 'new_jobs': [], 'deleted_jobs': set()}
parmake_sub_01: putting result in result_queue..
parmake_sub_01: (done)
parmake_sub_01: ...done.
parmake_sub_01: Listening for job
parmake_sub_01: got job: (<function parmake_job2 at 0xffff9c08f430>, ('exercise2-DepthFirst0-BreadthFirst1-IterativeDeepening2-DepthFirst3-BreadthFirst4-IterativeDeepening5-DepthFirst6-algo_placeholder', <compmake.context.Context object at 0xffff7b65ad90>, 'q-281472756790176-2876', True, '/out-docker/exercise2/compmake/parmake_job2_logs'))
parmake_sub_01: result: {'user_object': None, 'user_object_deps': set(), 'new_jobs': [], 'deleted_jobs': set()}
parmake_sub_01: putting result in result_queue..
parmake_sub_01: (done)
parmake_sub_01: ...done.
parmake_sub_01: Listening for job
parmake_sub_01: got job: (<function parmake_job2 at 0xffff9c08f430>, ('exercise2-DepthFirst0-BreadthFirst1-IterativeDeepening2-DepthFirst3-BreadthFirst4-IterativeDeepening5-DepthFirst6-exercise2_report', <compmake.context.Context object at 0xffff78161040>, 'q-281472756790176-2876', True, '/out-docker/exercise2/compmake/parmake_job2_logs'))
parmake_sub_01: result: {'user_object': None, 'user_object_deps': set(), 'new_jobs': [], 'deleted_jobs': set()}
parmake_sub_01: putting result in result_queue..
parmake_sub_01: (done)
parmake_sub_01: ...done.
parmake_sub_01: Listening for job
parmake_sub_01: got job: (<function parmake_job2 at 0xffff9c08f430>, ('exercise2-DepthFirst0-BreadthFirst1-IterativeDeepening2-DepthFirst3-BreadthFirst4-IterativeDeepening5-DepthFirst6-exercise2_report-write', <compmake.context.Context object at 0xffff7b65ad90>, 'q-281472756790176-2876', True, '/out-docker/exercise2/compmake/parmake_job2_logs'))
parmake_sub_01: result: {'user_object': None, 'user_object_deps': set(), 'new_jobs': [], 'deleted_jobs': set()}
parmake_sub_01: putting result in result_queue..
parmake_sub_01: (done)
parmake_sub_01: ...done.
parmake_sub_01: Listening for job
parmake_sub_01: Could not receive anything.
parmake_sub_01: Listening for job
parmake_sub_01: Could not receive anything.
parmake_sub_01: Listening for job
parmake_sub_01: Could not receive anything.
parmake_sub_01: Listening for job
parmake_sub_01: Could not receive anything.
parmake_sub_01: Listening for job
parmake_sub_01: Could not receive anything.
parmake_sub_01: Listening for job
parmake_sub_01: Could not receive anything.
parmake_sub_01: Listening for job
parmake_sub_01: Could not receive anything.
parmake_sub_01: Listening for job
parmake_sub_01: Could not receive anything.
parmake_sub_01: Listening for job
parmake_sub_01: Could not receive anything.
parmake_sub_01: Listening for job
parmake_sub_01: Could not receive anything.
parmake_sub_01: Listening for job
parmake_sub_01: Could not receive anything.
parmake_sub_01: Listening for job
parmake_sub_01: Could not receive anything.
parmake_sub_01: Listening for job
parmake_sub_01: Could not receive anything.
parmake_sub_01: Listening for job
parmake_sub_01: Could not receive anything.
parmake_sub_01: Listening for job
parmake_sub_01: Could not receive anything.
parmake_sub_01: Listening for job
parmake_sub_01: Could not receive anything.
parmake_sub_01: Listening for job
parmake_sub_01: Could not receive anything.
parmake_sub_01: Listening for job
parmake_sub_01: Could not receive anything.
parmake_sub_01: Listening for job
parmake_sub_01: Could not receive anything.
parmake_sub_01: Listening for job
parmake_sub_01: Could not receive anything.
parmake_sub_01: Listening for job
parmake_sub_01: Could not receive anything.
parmake_sub_01: Listening for job
parmake_sub_01: Could not receive anything.
parmake_sub_01: Listening for job
parmake_sub_01: Could not receive anything.
parmake_sub_01: Listening for job
parmake_sub_01: Could not receive anything.
parmake_sub_01: Listening for job
parmake_sub_01: Could not receive anything.
parmake_sub_01: Listening for job
parmake_sub_01: Could not receive anything.
parmake_sub_01: Listening for job
parmake_sub_01: Could not receive anything.
parmake_sub_01: Listening for job
parmake_sub_01: Could not receive anything.
parmake_sub_01: Listening for job
parmake_sub_01: Could not receive anything.
parmake_sub_01: Listening for job
parmake_sub_01: Could not receive anything.
parmake_sub_01: Listening for job
parmake_sub_01: Could not receive anything.
parmake_sub_01: Listening for job
parmake_sub_01: Could not receive anything.
parmake_sub_01: Listening for job
parmake_sub_01: Could not receive anything.
parmake_sub_01: Listening for job
parmake_sub_01: Could not receive anything.
parmake_sub_01: Listening for job
parmake_sub_01: Could not receive anything.
parmake_sub_01: Listening for job
parmake_sub_01: Could not receive anything.
parmake_sub_01: Listening for job
parmake_sub_01: Could not receive anything.
parmake_sub_01: Listening for job
parmake_sub_01: Could not receive anything.
parmake_sub_01: Listening for job
parmake_sub_01: Could not receive anything.
parmake_sub_01: Listening for job
parmake_sub_01: Could not receive anything.
parmake_sub_01: Listening for job
parmake_sub_01: Could not receive anything.
parmake_sub_01: Listening for job
parmake_sub_01: Could not receive anything.
parmake_sub_01: Listening for job
parmake_sub_01: Could not receive anything.
parmake_sub_01: Listening for job
parmake_sub_01: Could not receive anything.
parmake_sub_01: Listening for job
parmake_sub_01: Could not receive anything.
parmake_sub_01: Listening for job
parmake_sub_01: Could not receive anything.
parmake_sub_01: Listening for job
parmake_sub_01: Could not receive anything.
parmake_sub_01: Listening for job
parmake_sub_01: Could not receive anything.
parmake_sub_01: Listening for job
parmake_sub_01: Could not receive anything.
parmake_sub_01: Listening for job
parmake_sub_01: Could not receive anything.
parmake_sub_01: Listening for job
parmake_sub_01: Could not receive anything.
parmake_sub_01: Listening for job
parmake_sub_01: Could not receive anything.
parmake_sub_01: Listening for job
parmake_sub_01: Could not receive anything.
parmake_sub_01: Listening for job
parmake_sub_01: Could not receive anything.
parmake_sub_01: Listening for job
parmake_sub_01: Could not receive anything.
parmake_sub_01: Listening for job
parmake_sub_01: Could not receive anything.
parmake_sub_01: Listening for job
parmake_sub_01: Could not receive anything.
parmake_sub_01: Listening for job
parmake_sub_01: Could not receive anything.
parmake_sub_01: Listening for job
parmake_sub_01: Could not receive anything.
parmake_sub_01: Listening for job
parmake_sub_01: Could not receive anything.
parmake_sub_01: Listening for job
parmake_sub_01: Could not receive anything.
parmake_sub_01: Listening for job
parmake_sub_01: Could not receive anything.
parmake_sub_01: Listening for job
parmake_sub_01: Could not receive anything.
parmake_sub_01: Listening for job
parmake_sub_01: Could not receive anything.
parmake_sub_01: Listening for job
parmake_sub_01: Could not receive anything.
parmake_sub_01: Listening for job
parmake_sub_01: Could not receive anything.
parmake_sub_01: Listening for job
parmake_sub_01: Could not receive anything.
parmake_sub_01: Listening for job
parmake_sub_01: Could not receive anything.
parmake_sub_01: Listening for job
parmake_sub_01: Could not receive anything.
parmake_sub_01: Listening for job
parmake_sub_01: Could not receive anything.
parmake_sub_01: Listening for job
parmake_sub_01: Could not receive anything.
parmake_sub_01: Listening for job
parmake_sub_01: Could not receive anything.
parmake_sub_01: Listening for job
parmake_sub_01: Could not receive anything.
parmake_sub_01: Listening for job
parmake_sub_01: Could not receive anything.
parmake_sub_01: Listening for job
parmake_sub_01: Could not receive anything.
parmake_sub_01: Listening for job
parmake_sub_01: Could not receive anything.
parmake_sub_01: Listening for job
parmake_sub_01: Could not receive anything.
parmake_sub_01: Listening for job
parmake_sub_01: Could not receive anything.
parmake_sub_01: Listening for job
parmake_sub_01: Could not receive anything.
parmake_sub_01: Listening for job
parmake_sub_01: Could not receive anything.
parmake_sub_01: Listening for job
parmake_sub_01: Could not receive anything.
parmake_sub_01: Listening for job
parmake_sub_01: Could not receive anything.
parmake_sub_01: Listening for job
parmake_sub_01: Could not receive anything.
parmake_sub_01: Listening for job
parmake_sub_01: Could not receive anything.
parmake_sub_01: Listening for job
parmake_sub_01: Could not receive anything.
parmake_sub_01: Listening for job
parmake_sub_01: Could not receive anything.
parmake_sub_01: Listening for job
parmake_sub_01: Could not receive anything.
parmake_sub_01: Listening for job
parmake_sub_01: Could not receive anything.
parmake_sub_01: Listening for job
parmake_sub_01: Could not receive anything.
parmake_sub_01: Listening for job
parmake_sub_01: Could not receive anything.
parmake_sub_01: Listening for job
parmake_sub_01: Could not receive anything.
parmake_sub_01: Listening for job
parmake_sub_01: Could not receive anything.
parmake_sub_01: Listening for job
parmake_sub_01: Could not receive anything.
parmake_sub_01: Listening for job
parmake_sub_01: Could not receive anything.
parmake_sub_01: Listening for job
parmake_sub_01: Could not receive anything.
parmake_sub_01: Listening for job
parmake_sub_01: Could not receive anything.
parmake_sub_01: Listening for job
parmake_sub_01: Could not receive anything.
parmake_sub_01: Listening for job
parmake_sub_01: Could not receive anything.
parmake_sub_01: Listening for job
parmake_sub_01: Could not receive anything.
parmake_sub_01: Listening for job
parmake_sub_01: Could not receive anything.
parmake_sub_01: Listening for job
parmake_sub_01: Could not receive anything.
parmake_sub_01: Listening for job
parmake_sub_01: Could not receive anything.
parmake_sub_01: Listening for job
parmake_sub_01: Could not receive anything.
parmake_sub_01: Listening for job
parmake_sub_01: Could not receive anything.
parmake_sub_01: Listening for job
parmake_sub_01: Could not receive anything.
parmake_sub_01: Listening for job
parmake_sub_01: Could not receive anything.
parmake_sub_01: Listening for job
parmake_sub_01: Could not receive anything.
parmake_sub_01: Listening for job
parmake_sub_01: Could not receive anything.
parmake_sub_01: Listening for job
parmake_sub_01: Could not receive anything.
parmake_sub_01: Listening for job
parmake_sub_01: Could not receive anything.
parmake_sub_01: Listening for job
parmake_sub_01: Could not receive anything.
parmake_sub_01: Listening for job
parmake_sub_01: Could not receive anything.
parmake_sub_01: Listening for job
parmake_sub_01: Could not receive anything.
parmake_sub_01: Listening for job
parmake_sub_01: Could not receive anything.
parmake_sub_01: Listening for job
parmake_sub_01: Could not receive anything.
parmake_sub_01: Listening for job
parmake_sub_01: Could not receive anything.
parmake_sub_01: Listening for job
parmake_sub_01: Could not receive anything.
parmake_sub_01: Listening for job
parmake_sub_01: Could not receive anything.
parmake_sub_01: Listening for job
parmake_sub_01: Could not receive anything.
parmake_sub_01: Listening for job
parmake_sub_01: Could not receive anything.
parmake_sub_01: Listening for job
parmake_sub_01: Could not receive anything.
parmake_sub_01: Listening for job
parmake_sub_01: Could not receive anything.
parmake_sub_01: Listening for job
parmake_sub_01: Could not receive anything.
parmake_sub_01: Listening for job
parmake_sub_01: Could not receive anything.
parmake_sub_01: Listening for job
parmake_sub_01: Could not receive anything.
parmake_sub_01: Listening for job
parmake_sub_01: Could not receive anything.
parmake_sub_01: Listening for job
parmake_sub_01: Could not receive anything.
parmake_sub_01: Listening for job
parmake_sub_01: Could not receive anything.
parmake_sub_01: Listening for job
parmake_sub_01: Could not receive anything.
parmake_sub_01: Listening for job
parmake_sub_01: Could not receive anything.
parmake_sub_01: Listening for job
parmake_sub_01: Could not receive anything.
parmake_sub_01: Listening for job
parmake_sub_01: Could not receive anything.
parmake_sub_01: Listening for job
parmake_sub_01: Could not receive anything.
parmake_sub_01: Listening for job
parmake_sub_01: Could not receive anything.
parmake_sub_01: Listening for job
parmake_sub_01: Could not receive anything.
parmake_sub_01: Listening for job
parmake_sub_01: Could not receive anything.
parmake_sub_01: Listening for job
parmake_sub_01: Could not receive anything.
parmake_sub_01: Listening for job
parmake_sub_01: Could not receive anything.
parmake_sub_01: Listening for job
parmake_sub_01: Could not receive anything.
parmake_sub_01: Listening for job
parmake_sub_01: Could not receive anything.
parmake_sub_01: Listening for job
parmake_sub_01: Could not receive anything.
parmake_sub_01: Listening for job
parmake_sub_01: Could not receive anything.
parmake_sub_01: Listening for job
parmake_sub_01: Could not receive anything.
parmake_sub_01: Listening for job
parmake_sub_01: Could not receive anything.
parmake_sub_01: Listening for job
parmake_sub_01: Could not receive anything.
parmake_sub_01: Listening for job
parmake_sub_01: Could not receive anything.
parmake_sub_01: Listening for job
parmake_sub_01: Could not receive anything.
parmake_sub_01: Listening for job
parmake_sub_01: Could not receive anything.
parmake_sub_01: Listening for job
parmake_sub_01: Could not receive anything.
parmake_sub_01: Listening for job
parmake_sub_01: Could not receive anything.
parmake_sub_01: Listening for job
parmake_sub_01: Could not receive anything.
parmake_sub_01: Listening for job
parmake_sub_01: Could not receive anything.
parmake_sub_01: Listening for job
parmake_sub_01: Could not receive anything.
parmake_sub_01: Listening for job
parmake_sub_01: Could not receive anything.
parmake_sub_01: Listening for job
parmake_sub_01: Could not receive anything.
parmake_sub_01: Listening for job
parmake_sub_01: Could not receive anything.
parmake_sub_01: Listening for job
parmake_sub_01: Could not receive anything.
parmake_sub_01: Listening for job
parmake_sub_01: Could not receive anything.
parmake_sub_01: Listening for job
parmake_sub_01: Could not receive anything.
parmake_sub_01: Listening for job
parmake_sub_01: Could not receive anything.
parmake_sub_01: Listening for job
parmake_sub_01: Could not receive anything.
parmake_sub_01: Listening for job
parmake_sub_01: Could not receive anything.
parmake_sub_01: Listening for job
parmake_sub_01: Could not receive anything.
parmake_sub_01: Listening for job
parmake_sub_01: Could not receive anything.
parmake_sub_01: Listening for job
parmake_sub_01: Could not receive anything.
parmake_sub_01: Listening for job
parmake_sub_01: Could not receive anything.
parmake_sub_01: Listening for job
parmake_sub_01: Could not receive anything.
parmake_sub_01: Listening for job
parmake_sub_01: Could not receive anything.
parmake_sub_01: Listening for job
parmake_sub_01: Could not receive anything.
parmake_sub_01: Listening for job
parmake_sub_01: Could not receive anything.
parmake_sub_01: Listening for job
parmake_sub_01: Could not receive anything.
parmake_sub_01: Listening for job
parmake_sub_01: Could not receive anything.
parmake_sub_01: Listening for job
parmake_sub_01: Could not receive anything.
parmake_sub_01: Listening for job
parmake_sub_01: Could not receive anything.
parmake_sub_01: Listening for job
parmake_sub_01: Could not receive anything.
parmake_sub_01: Listening for job
parmake_sub_01: Could not receive anything.
parmake_sub_01: Listening for job
parmake_sub_01: Could not receive anything.
parmake_sub_01: Listening for job
parmake_sub_01: Could not receive anything.
parmake_sub_01: Listening for job
parmake_sub_01: Could not receive anything.
parmake_sub_01: Listening for job
parmake_sub_01: Could not receive anything.
parmake_sub_01: Listening for job
parmake_sub_01: Could not receive anything.
parmake_sub_01: Listening for job
parmake_sub_01: Could not receive anything.
parmake_sub_01: Listening for job
parmake_sub_01: Could not receive anything.
parmake_sub_01: Listening for job
parmake_sub_01: Could not receive anything.
parmake_sub_01: Listening for job
parmake_sub_01: Could not receive anything.
parmake_sub_01: Listening for job
parmake_sub_01: Could not receive anything.
parmake_sub_01: Listening for job
parmake_sub_01: Could not receive anything.
parmake_sub_01: Listening for job
parmake_sub_01: Could not receive anything.
parmake_sub_01: Listening for job
parmake_sub_01: Could not receive anything.
parmake_sub_01: Listening for job
parmake_sub_01: Could not receive anything.
parmake_sub_01: Listening for job
parmake_sub_01: Could not receive anything.
parmake_sub_01: Listening for job
parmake_sub_01: Could not receive anything.
parmake_sub_01: Listening for job
parmake_sub_01: Could not receive anything.
parmake_sub_01: Listening for job
parmake_sub_01: Could not receive anything.
parmake_sub_01: Listening for job
parmake_sub_01: Could not receive anything.
parmake_sub_01: Listening for job
parmake_sub_01: Could not receive anything.
parmake_sub_01: Listening for job
parmake_sub_01: Could not receive anything.
parmake_sub_01: Listening for job
parmake_sub_01: Could not receive anything.
parmake_sub_01: Listening for job
parmake_sub_01: Could not receive anything.
parmake_sub_01: Listening for job
parmake_sub_01: Could not receive anything.
parmake_sub_01: Listening for job
parmake_sub_01: Could not receive anything.
parmake_sub_01: Listening for job
parmake_sub_01: Could not receive anything.
parmake_sub_01: Listening for job
parmake_sub_01: Could not receive anything.
parmake_sub_01: Listening for job
parmake_sub_01: Could not receive anything.
parmake_sub_01: Listening for job
parmake_sub_01: Could not receive anything.
parmake_sub_01: Listening for job
parmake_sub_01: Could not receive anything.
parmake_sub_01: Listening for job
parmake_sub_01: Could not receive anything.
parmake_sub_01: Listening for job
parmake_sub_01: Could not receive anything.
parmake_sub_01: Listening for job
parmake_sub_01: Could not receive anything.
parmake_sub_01: Listening for job
parmake_sub_01: Could not receive anything.
parmake_sub_01: Listening for job
parmake_sub_01: Could not receive anything.
parmake_sub_01: Listening for job
parmake_sub_01: Could not receive anything.
parmake_sub_01: Listening for job
parmake_sub_01: Could not receive anything.
parmake_sub_01: Listening for job
parmake_sub_01: Could not receive anything.
parmake_sub_01: Listening for job
parmake_sub_01: Could not receive anything.
parmake_sub_01: Listening for job
parmake_sub_01: Could not receive anything.
parmake_sub_01: Listening for job
parmake_sub_01: Could not receive anything.
parmake_sub_01: Listening for job
parmake_sub_01: Could not receive anything.
parmake_sub_01: Listening for job
parmake_sub_01: Could not receive anything.
parmake_sub_01: Listening for job
parmake_sub_01: Could not receive anything.
parmake_sub_01: Listening for job
parmake_sub_01: Could not receive anything.
parmake_sub_01: Listening for job
parmake_sub_01: Could not receive anything.
parmake_sub_01: Listening for job
parmake_sub_01: Could not receive anything.
parmake_sub_01: Listening for job
parmake_sub_01: Could not receive anything.
parmake_sub_01: Listening for job
parmake_sub_01: Could not receive anything.
parmake_sub_01: Listening for job
parmake_sub_01: Could not receive anything.
parmake_sub_01: Listening for job
parmake_sub_01: Could not receive anything.
parmake_sub_01: Listening for job
parmake_sub_01: Could not receive anything.
parmake_sub_01: Listening for job
parmake_sub_01: Could not receive anything.
parmake_sub_01: Listening for job
parmake_sub_01: Could not receive anything.
parmake_sub_01: Listening for job
parmake_sub_01: Could not receive anything.
parmake_sub_01: Listening for job
parmake_sub_01: Could not receive anything.
parmake_sub_01: Listening for job
parmake_sub_01: Could not receive anything.
parmake_sub_01: Listening for job
parmake_sub_01: Could not receive anything.
parmake_sub_01: Listening for job
parmake_sub_01: Could not receive anything.
parmake_sub_01: Listening for job
parmake_sub_01: Could not receive anything.
parmake_sub_01: Listening for job
parmake_sub_01: Could not receive anything.
parmake_sub_01: Listening for job
parmake_sub_01: Could not receive anything.
parmake_sub_01: Listening for job
parmake_sub_01: Could not receive anything.
parmake_sub_01: Listening for job
parmake_sub_01: Could not receive anything.
parmake_sub_01: Listening for job
parmake_sub_01: Could not receive anything.
parmake_sub_01: Listening for job
parmake_sub_01: Could not receive anything.
parmake_sub_01: Listening for job
parmake_sub_01: Could not receive anything.
parmake_sub_01: Listening for job
parmake_sub_01: Could not receive anything.
parmake_sub_01: Listening for job
parmake_sub_01: Could not receive anything.
parmake_sub_01: Listening for job
parmake_sub_01: Could not receive anything.
parmake_sub_01: Listening for job
parmake_sub_01: Could not receive anything.
parmake_sub_01: Listening for job
parmake_sub_01: Could not receive anything.
parmake_sub_01: Listening for job
parmake_sub_01: Could not receive anything.
parmake_sub_01: Listening for job
parmake_sub_01: Could not receive anything.
parmake_sub_01: Listening for job
parmake_sub_01: Could not receive anything.
parmake_sub_01: Listening for job
parmake_sub_01: Could not receive anything.
parmake_sub_01: Listening for job
parmake_sub_01: Could not receive anything.
parmake_sub_01: Listening for job
parmake_sub_01: Could not receive anything.
parmake_sub_01: Listening for job
parmake_sub_01: Could not receive anything.
parmake_sub_01: Listening for job
parmake_sub_01: Could not receive anything.
parmake_sub_01: Listening for job
parmake_sub_01: Could not receive anything.
parmake_sub_01: Listening for job
parmake_sub_01: Could not receive anything.
parmake_sub_01: Listening for job
parmake_sub_01: Could not receive anything.
parmake_sub_01: Listening for job
parmake_sub_01: Could not receive anything.
parmake_sub_01: Listening for job
parmake_sub_01: Received EXIT_TOKEN.
parmake_sub_01: saving coverage
