parmake_sub_03: started pmake_worker()
parmake_sub_03: Listening for job
parmake_sub_03: got job: (<function parmake_job2 at 0xffffa323b430>, ('exercise3-UniformCostSearch0-GreedyBestFirst1-Astar2-UniformCostSearch3-GreedyBestFirst4-Astar5-algo_placeholder', <compmake.context.Context object at 0xffff81566070>, 'q-281472843645760-4631', True, '/out-docker/exercise3/compmake/parmake_job2_logs'))
parmake_sub_03: result: {'user_object': None, 'user_object_deps': set(), 'new_jobs': [], 'deleted_jobs': set()}
parmake_sub_03: putting result in result_queue..
parmake_sub_03: (done)
parmake_sub_03: ...done.
parmake_sub_03: Listening for job
parmake_sub_03: got job: (<function parmake_job2 at 0xffffa323b430>, ('exercise3-UniformCostSearch0-GreedyBestFirst1-Astar2-UniformCostSearch3-GreedyBestFirst4-Astar5-exercise3_report', <compmake.context.Context object at 0xffff822e88b0>, 'q-281472843645760-4631', True, '/out-docker/exercise3/compmake/parmake_job2_logs'))
parmake_sub_03: result: {'user_object': None, 'user_object_deps': set(), 'new_jobs': [], 'deleted_jobs': set()}
parmake_sub_03: putting result in result_queue..
parmake_sub_03: (done)
parmake_sub_03: ...done.
parmake_sub_03: Listening for job
parmake_sub_03: got job: (<function parmake_job2 at 0xffffa323b430>, ('exercise3-UniformCostSearch0-GreedyBestFirst1-Astar2-UniformCostSearch3-GreedyBestFirst4-Astar5-exercise3_report-write', <compmake.context.Context object at 0xffffa3697910>, 'q-281472843645760-4631', True, '/out-docker/exercise3/compmake/parmake_job2_logs'))
parmake_sub_03: result: {'user_object': None, 'user_object_deps': set(), 'new_jobs': [], 'deleted_jobs': set()}
parmake_sub_03: putting result in result_queue..
parmake_sub_03: (done)
parmake_sub_03: ...done.
parmake_sub_03: Listening for job
parmake_sub_03: got job: (<function parmake_job2 at 0xffffa323b430>, ('exercise3-UniformCostSearch0-GreedyBestFirst1-Astar2-UniformCostSearch3-GreedyBestFirst4-Astar5-UniformCostSearch6-algo_placeholder', <compmake.context.Context object at 0xffff81f9f130>, 'q-281472843645760-4631', True, '/out-docker/exercise3/compmake/parmake_job2_logs'))
parmake_sub_03: result: {'user_object': None, 'user_object_deps': set(), 'new_jobs': [], 'deleted_jobs': set()}
parmake_sub_03: putting result in result_queue..
parmake_sub_03: (done)
parmake_sub_03: ...done.
parmake_sub_03: Listening for job
parmake_sub_03: got job: (<function parmake_job2 at 0xffffa323b430>, ('exercise3-UniformCostSearch0-GreedyBestFirst1-Astar2-UniformCostSearch3-GreedyBestFirst4-Astar5-UniformCostSearch6-exercise3_report', <compmake.context.Context object at 0xffffa3697910>, 'q-281472843645760-4631', True, '/out-docker/exercise3/compmake/parmake_job2_logs'))
parmake_sub_03: result: {'user_object': None, 'user_object_deps': set(), 'new_jobs': [], 'deleted_jobs': set()}
parmake_sub_03: putting result in result_queue..
parmake_sub_03: (done)
parmake_sub_03: ...done.
parmake_sub_03: Listening for job
parmake_sub_03: Received EXIT_TOKEN.
parmake_sub_03: saving coverage
