parmake_sub_01: started pmake_worker()
parmake_sub_01: Listening for job
parmake_sub_01: got job: (<function parmake_job2 at 0xffffa323b430>, ('exercise3-UniformCostSearch0-GreedyBestFirst1-Astar2-UniformCostSearch3-GreedyBestFirst4-Astar5-UniformCostSearch6-GreedyBestFirst7-algo_placeholder', <compmake.context.Context object at 0xffff814d0eb0>, 'q-281472843645760-4631', True, '/out-docker/exercise3/compmake/parmake_job2_logs'))
parmake_sub_01: result: {'user_object': None, 'user_object_deps': set(), 'new_jobs': [], 'deleted_jobs': set()}
parmake_sub_01: putting result in result_queue..
parmake_sub_01: (done)
parmake_sub_01: ...done.
parmake_sub_01: Listening for job
parmake_sub_01: got job: (<function parmake_job2 at 0xffffa323b430>, ('exercise3-UniformCostSearch0-GreedyBestFirst1-algo_placeholder', <compmake.context.Context object at 0xffff822eaeb0>, 'q-281472843645760-4631', True, '/out-docker/exercise3/compmake/parmake_job2_logs'))
parmake_sub_01: result: {'user_object': None, 'user_object_deps': set(), 'new_jobs': [], 'deleted_jobs': set()}
parmake_sub_01: putting result in result_queue..
parmake_sub_01: (done)
parmake_sub_01: ...done.
parmake_sub_01: Listening for job
parmake_sub_01: got job: (<function parmake_job2 at 0xffffa323b430>, ('exercise3-UniformCostSearch0-GreedyBestFirst1-exercise3_report', <compmake.context.Context object at 0xffffa3697910>, 'q-281472843645760-4631', True, '/out-docker/exercise3/compmake/parmake_job2_logs'))
parmake_sub_01: result: {'user_object': None, 'user_object_deps': set(), 'new_jobs': [], 'deleted_jobs': set()}
parmake_sub_01: putting result in result_queue..
parmake_sub_01: (done)
parmake_sub_01: ...done.
parmake_sub_01: Listening for job
parmake_sub_01: got job: (<function parmake_job2 at 0xffffa323b430>, ('exercise3-UniformCostSearch0-GreedyBestFirst1-exercise3_report-write', <compmake.context.Context object at 0xffff81566670>, 'q-281472843645760-4631', True, '/out-docker/exercise3/compmake/parmake_job2_logs'))
parmake_sub_01: result: {'user_object': None, 'user_object_deps': set(), 'new_jobs': [], 'deleted_jobs': set()}
parmake_sub_01: putting result in result_queue..
parmake_sub_01: (done)
parmake_sub_01: ...done.
parmake_sub_01: Listening for job
parmake_sub_01: got job: (<function parmake_job2 at 0xffffa323b430>, ('exercise3-UniformCostSearch0-exercise3_report-write', <compmake.context.Context object at 0xffff829af7c0>, 'q-281472843645760-4631', True, '/out-docker/exercise3/compmake/parmake_job2_logs'))
parmake_sub_01: result: {'user_object': None, 'user_object_deps': set(), 'new_jobs': [], 'deleted_jobs': set()}
parmake_sub_01: putting result in result_queue..
parmake_sub_01: (done)
parmake_sub_01: ...done.
parmake_sub_01: Listening for job
parmake_sub_01: got job: (<function parmake_job2 at 0xffffa323b430>, ('exercise3-UniformCostSearch0-GreedyBestFirst1-Astar2-UniformCostSearch3-GreedyBestFirst4-Astar5-UniformCostSearch6-exercise3_report-write', <compmake.context.Context object at 0xffff82cde280>, 'q-281472843645760-4631', True, '/out-docker/exercise3/compmake/parmake_job2_logs'))
parmake_sub_01: result: {'user_object': None, 'user_object_deps': set(), 'new_jobs': [], 'deleted_jobs': set()}
parmake_sub_01: putting result in result_queue..
parmake_sub_01: (done)
parmake_sub_01: ...done.
parmake_sub_01: Listening for job
parmake_sub_01: got job: (<function parmake_job2 at 0xffffa323b430>, ('exercise3-UniformCostSearch0-GreedyBestFirst1-Astar2-UniformCostSearch3-exercise3_report-write', <compmake.context.Context object at 0xffff807a96d0>, 'q-281472843645760-4631', True, '/out-docker/exercise3/compmake/parmake_job2_logs'))
parmake_sub_01: result: {'user_object': None, 'user_object_deps': set(), 'new_jobs': [], 'deleted_jobs': set()}
parmake_sub_01: putting result in result_queue..
parmake_sub_01: (done)
parmake_sub_01: ...done.
parmake_sub_01: Listening for job
parmake_sub_01: Received EXIT_TOKEN.
parmake_sub_01: saving coverage
parmake_sub_01: saved coverage
