parmake_sub_04: started pmake_worker()
parmake_sub_04: Listening for job
parmake_sub_04: got job: (<function parmake_job2 at 0xffffa323b430>, ('exercise3-UniformCostSearch0-GreedyBestFirst1-Astar2-algo_placeholder', <compmake.context.Context object at 0xffff81566af0>, 'q-281472843645760-4631', True, '/out-docker/exercise3/compmake/parmake_job2_logs'))
parmake_sub_04: result: {'user_object': None, 'user_object_deps': set(), 'new_jobs': [], 'deleted_jobs': set()}
parmake_sub_04: putting result in result_queue..
parmake_sub_04: (done)
parmake_sub_04: ...done.
parmake_sub_04: Listening for job
parmake_sub_04: got job: (<function parmake_job2 at 0xffffa323b430>, ('exercise3-UniformCostSearch0-GreedyBestFirst1-Astar2-exercise3_report', <compmake.context.Context object at 0xffff829eb4f0>, 'q-281472843645760-4631', True, '/out-docker/exercise3/compmake/parmake_job2_logs'))
parmake_sub_04: result: {'user_object': None, 'user_object_deps': set(), 'new_jobs': [], 'deleted_jobs': set()}
parmake_sub_04: putting result in result_queue..
parmake_sub_04: (done)
parmake_sub_04: ...done.
parmake_sub_04: Listening for job
parmake_sub_04: got job: (<function parmake_job2 at 0xffffa323b430>, ('exercise3-UniformCostSearch0-GreedyBestFirst1-Astar2-exercise3_report-write', <compmake.context.Context object at 0xffff829e7e20>, 'q-281472843645760-4631', True, '/out-docker/exercise3/compmake/parmake_job2_logs'))
parmake_sub_04: result: {'user_object': None, 'user_object_deps': set(), 'new_jobs': [], 'deleted_jobs': set()}
parmake_sub_04: putting result in result_queue..
parmake_sub_04: (done)
parmake_sub_04: ...done.
parmake_sub_04: Listening for job
parmake_sub_04: got job: (<function parmake_job2 at 0xffffa323b430>, ('exercise3-UniformCostSearch0-GreedyBestFirst1-Astar2-UniformCostSearch3-algo_placeholder', <compmake.context.Context object at 0xffff829e7e50>, 'q-281472843645760-4631', True, '/out-docker/exercise3/compmake/parmake_job2_logs'))
parmake_sub_04: result: {'user_object': None, 'user_object_deps': set(), 'new_jobs': [], 'deleted_jobs': set()}
parmake_sub_04: putting result in result_queue..
parmake_sub_04: (done)
parmake_sub_04: ...done.
parmake_sub_04: Listening for job
parmake_sub_04: got job: (<function parmake_job2 at 0xffffa323b430>, ('exercise3-UniformCostSearch0-GreedyBestFirst1-Astar2-UniformCostSearch3-exercise3_report', <compmake.context.Context object at 0xffff80dc0640>, 'q-281472843645760-4631', True, '/out-docker/exercise3/compmake/parmake_job2_logs'))
parmake_sub_04: result: {'user_object': None, 'user_object_deps': set(), 'new_jobs': [], 'deleted_jobs': set()}
parmake_sub_04: putting result in result_queue..
parmake_sub_04: (done)
parmake_sub_04: ...done.
parmake_sub_04: Listening for job
parmake_sub_04: Received EXIT_TOKEN.
parmake_sub_04: saving coverage
