add_targets()
 -         targets: ['_dynreports_create_index', 'exercise4-ValueIteration0-PolicyIteration1-exercise4_report', 'exercise4-ValueIteration0-exercise4_report']
computed todo
 -       not_ready: ['exercise4-ValueIteration0-PolicyIteration1-exercise4_report', 'exercise4-ValueIteration0-exercise4_report']
 -      ready_todo: ['_dynreports_create_index', 'exercise4-ValueIteration0-PolicyIteration1-algo_placeholder', 'exercise4-ValueIteration0-algo_placeholder']
 -    targets_done: []
 - targets_todo_plus_deps: ['_dynreports_create_index', 'exercise4-ValueIteration0-PolicyIteration1-algo_placeholder', 'exercise4-ValueIteration0-PolicyIteration1-exercise4_report', 'exercise4-ValueIteration0-algo_placeholder', 'exercise4-ValueIteration0-exercise4_report']
targets_todo_plus_deps: ['_dynreports_create_index', 'exercise4-ValueIteration0-PolicyIteration1-algo_placeholder', 'exercise4-ValueIteration0-PolicyIteration1-exercise4_report', 'exercise4-ValueIteration0-algo_placeholder', 'exercise4-ValueIteration0-exercise4_report']
add_targets():adding to todo
 -            todo: ['exercise4-ValueIteration0-PolicyIteration1-exercise4_report', 'exercise4-ValueIteration0-exercise4_report']
 -        todo_add: ['exercise4-ValueIteration0-PolicyIteration1-exercise4_report', 'exercise4-ValueIteration0-exercise4_report']
add_targets():adding to ready
 -           ready: []
 -       ready_add: ['_dynreports_create_index', 'exercise4-ValueIteration0-PolicyIteration1-algo_placeholder', 'exercise4-ValueIteration0-algo_placeholder']
after add_targets()
 -            done: []
 -      processing: []
 -      ready_todo: ['_dynreports_create_index', 'exercise4-ValueIteration0-PolicyIteration1-algo_placeholder', 'exercise4-ValueIteration0-algo_placeholder']
 -            todo: ['exercise4-ValueIteration0-PolicyIteration1-exercise4_report', 'exercise4-ValueIteration0-exercise4_report']
0: -  all_targets: 5
0: -      blocked: 0
0: -      deleted: 0
0: -         done: 0
0: -       failed: 0
0: -   processing: 0
0: -        ready: 3
0: -         todo: 2
0: 
0:  In more details:
0: -  all_targets: 5 ['_dynreports_create_index', 'exercise4-ValueIteration0-PolicyIteration1-algo_placeholder', 'exercise4-ValueIteration0-PolicyIteration1-exercise4_report', 'exercise4-ValueIteration0-algo_placeholder', 'exercise4-ValueIteration0-exercise4_report']
0: -      blocked: -
0: -      deleted: -
0: -         done: -
0: -       failed: -
0: -   processing: -
0: -        ready: 3 ['_dynreports_create_index', 'exercise4-ValueIteration0-PolicyIteration1-algo_placeholder', 'exercise4-ValueIteration0-algo_placeholder']
0: -         todo: 2 ['exercise4-ValueIteration0-PolicyIteration1-exercise4_report', 'exercise4-ValueIteration0-exercise4_report']
chosen next_job
 -          job_id: _dynreports_create_index
start_job
 -          job_id: _dynreports_create_index
chosen next_job
 -          job_id: exercise4-ValueIteration0-algo_placeholder
start_job
 -          job_id: exercise4-ValueIteration0-algo_placeholder
chosen next_job
 -          job_id: exercise4-ValueIteration0-PolicyIteration1-algo_placeholder
start_job
 -          job_id: exercise4-ValueIteration0-PolicyIteration1-algo_placeholder
check_job_finished
 -          job_id: exercise4-ValueIteration0-algo_placeholder
check_job_finished
 -          job_id: _dynreports_create_index
check_job_finished
 -          job_id: exercise4-ValueIteration0-PolicyIteration1-algo_placeholder
check_job_finished
 -          job_id: exercise4-ValueIteration0-algo_placeholder
job_succeeded
 -          job_id: exercise4-ValueIteration0-algo_placeholder
considering parents
 -    parents_todo: ['exercise4-ValueIteration0-exercise4_report']
considering opportuniny
 -          job_id: exercise4-ValueIteration0-algo_placeholder
 -     opportunity: exercise4-ValueIteration0-exercise4_report
parent is ready
 -     opportunity: exercise4-ValueIteration0-exercise4_report
check_job_finished_handle_result
 -    deleted_jobs: []
 -          job_id: exercise4-ValueIteration0-algo_placeholder
 -        new_jobs: []
 - user_object_deps: []
1: -  all_targets: 5
1: -      blocked: 0
1: -      deleted: 0
1: -         done: 1
1: -       failed: 0
1: -   processing: 2
1: -        ready: 1
1: -         todo: 1
1: 
1:  In more details:
1: -  all_targets: 5 ['_dynreports_create_index', 'exercise4-ValueIteration0-PolicyIteration1-algo_placeholder', 'exercise4-ValueIteration0-PolicyIteration1-exercise4_report', 'exercise4-ValueIteration0-algo_placeholder', 'exercise4-ValueIteration0-exercise4_report']
1: -      blocked: -
1: -      deleted: -
1: -         done: 1 ['exercise4-ValueIteration0-algo_placeholder']
1: -       failed: -
1: -   processing: 2 ['_dynreports_create_index', 'exercise4-ValueIteration0-PolicyIteration1-algo_placeholder']
1: -        ready: 1 ['exercise4-ValueIteration0-exercise4_report']
1: -         todo: 1 ['exercise4-ValueIteration0-PolicyIteration1-exercise4_report']
chosen next_job
 -          job_id: exercise4-ValueIteration0-exercise4_report
start_job
 -          job_id: exercise4-ValueIteration0-exercise4_report
check_job_finished
 -          job_id: exercise4-ValueIteration0-exercise4_report
check_job_finished
 -          job_id: _dynreports_create_index
job_succeeded
 -          job_id: _dynreports_create_index
considering parents
 -    parents_todo: []
check_job_finished_handle_result
 -    deleted_jobs: []
 -          job_id: _dynreports_create_index
 -        new_jobs: ['exercise4-ValueIteration0-PolicyIteration1-exercise4_report-write', 'exercise4-ValueIteration0-exercise4_report-write']
 - user_object_deps: []
add_targets()
 -         targets: ['exercise4-ValueIteration0-PolicyIteration1-exercise4_report-write', 'exercise4-ValueIteration0-exercise4_report-write']
computed todo
 -       not_ready: ['exercise4-ValueIteration0-PolicyIteration1-exercise4_report-write', 'exercise4-ValueIteration0-exercise4_report-write']
 -      ready_todo: ['exercise4-ValueIteration0-PolicyIteration1-exercise4_report', 'exercise4-ValueIteration0-exercise4_report']
 -    targets_done: ['exercise4-ValueIteration0-PolicyIteration1-algo_placeholder', 'exercise4-ValueIteration0-algo_placeholder']
 - targets_todo_plus_deps: ['exercise4-ValueIteration0-PolicyIteration1-exercise4_report', 'exercise4-ValueIteration0-PolicyIteration1-exercise4_report-write', 'exercise4-ValueIteration0-exercise4_report', 'exercise4-ValueIteration0-exercise4_report-write']
targets_todo_plus_deps: ['exercise4-ValueIteration0-PolicyIteration1-exercise4_report', 'exercise4-ValueIteration0-PolicyIteration1-exercise4_report-write', 'exercise4-ValueIteration0-exercise4_report', 'exercise4-ValueIteration0-exercise4_report-write']
add_targets():adding to todo
 -            todo: ['exercise4-ValueIteration0-PolicyIteration1-exercise4_report', 'exercise4-ValueIteration0-PolicyIteration1-exercise4_report-write', 'exercise4-ValueIteration0-exercise4_report-write']
 -        todo_add: ['exercise4-ValueIteration0-PolicyIteration1-exercise4_report-write', 'exercise4-ValueIteration0-exercise4_report-write']
add_targets():adding to ready
 -           ready: []
 -       ready_add: ['exercise4-ValueIteration0-PolicyIteration1-exercise4_report']
after add_targets()
 -            done: ['_dynreports_create_index', 'exercise4-ValueIteration0-algo_placeholder']
 -      processing: ['exercise4-ValueIteration0-PolicyIteration1-algo_placeholder', 'exercise4-ValueIteration0-exercise4_report']
 -      ready_todo: ['exercise4-ValueIteration0-PolicyIteration1-exercise4_report']
 -            todo: ['exercise4-ValueIteration0-PolicyIteration1-exercise4_report-write', 'exercise4-ValueIteration0-exercise4_report-write']
2: -  all_targets: 7
2: -      blocked: 0
2: -      deleted: 0
2: -         done: 2
2: -       failed: 0
2: -   processing: 2
2: -        ready: 1
2: -         todo: 2
2: 
2:  In more details:
2: -  all_targets: 7 ['_dynreports_create_index', 'exercise4-ValueIteration0-PolicyIteration1-algo_placeholder', 'exercise4-ValueIteration0-PolicyIteration1-exercise4_report', 'exercise4-ValueIteration0-PolicyIteration1-exercise4_report-write', 'exercise4-ValueIteration0-algo_placeholder', 'exercise4-ValueIteration0-exercise4_report', 'exercise4-ValueIteration0-exercise4_report-write']
2: -      blocked: -
2: -      deleted: -
2: -         done: 2 ['_dynreports_create_index', 'exercise4-ValueIteration0-algo_placeholder']
2: -       failed: -
2: -   processing: 2 ['exercise4-ValueIteration0-PolicyIteration1-algo_placeholder', 'exercise4-ValueIteration0-exercise4_report']
2: -        ready: 1 ['exercise4-ValueIteration0-PolicyIteration1-exercise4_report']
2: -         todo: 2 ['exercise4-ValueIteration0-PolicyIteration1-exercise4_report-write', 'exercise4-ValueIteration0-exercise4_report-write']
chosen next_job
 -          job_id: exercise4-ValueIteration0-PolicyIteration1-exercise4_report
start_job
 -          job_id: exercise4-ValueIteration0-PolicyIteration1-exercise4_report
check_job_finished
 -          job_id: exercise4-ValueIteration0-exercise4_report
check_job_finished
 -          job_id: exercise4-ValueIteration0-PolicyIteration1-exercise4_report
check_job_finished
 -          job_id: exercise4-ValueIteration0-PolicyIteration1-algo_placeholder
job_succeeded
 -          job_id: exercise4-ValueIteration0-PolicyIteration1-algo_placeholder
considering parents
 -    parents_todo: []
check_job_finished_handle_result
 -    deleted_jobs: []
 -          job_id: exercise4-ValueIteration0-PolicyIteration1-algo_placeholder
 -        new_jobs: []
 - user_object_deps: []
3: -  all_targets: 7
3: -      blocked: 0
3: -      deleted: 0
3: -         done: 3
3: -       failed: 0
3: -   processing: 2
3: -        ready: 0
3: -         todo: 2
3: 
3:  In more details:
3: -  all_targets: 7 ['_dynreports_create_index', 'exercise4-ValueIteration0-PolicyIteration1-algo_placeholder', 'exercise4-ValueIteration0-PolicyIteration1-exercise4_report', 'exercise4-ValueIteration0-PolicyIteration1-exercise4_report-write', 'exercise4-ValueIteration0-algo_placeholder', 'exercise4-ValueIteration0-exercise4_report', 'exercise4-ValueIteration0-exercise4_report-write']
3: -      blocked: -
3: -      deleted: -
3: -         done: 3 ['_dynreports_create_index', 'exercise4-ValueIteration0-PolicyIteration1-algo_placeholder', 'exercise4-ValueIteration0-algo_placeholder']
3: -       failed: -
3: -   processing: 2 ['exercise4-ValueIteration0-PolicyIteration1-exercise4_report', 'exercise4-ValueIteration0-exercise4_report']
3: -        ready: -
3: -         todo: 2 ['exercise4-ValueIteration0-PolicyIteration1-exercise4_report-write', 'exercise4-ValueIteration0-exercise4_report-write']
check_job_finished
 -          job_id: exercise4-ValueIteration0-exercise4_report
check_job_finished
 -          job_id: exercise4-ValueIteration0-PolicyIteration1-exercise4_report
check_job_finished
 -          job_id: exercise4-ValueIteration0-exercise4_report
check_job_finished
 -          job_id: exercise4-ValueIteration0-PolicyIteration1-exercise4_report
check_job_finished
 -          job_id: exercise4-ValueIteration0-exercise4_report
check_job_finished
 -          job_id: exercise4-ValueIteration0-PolicyIteration1-exercise4_report
check_job_finished
 -          job_id: exercise4-ValueIteration0-exercise4_report
check_job_finished
 -          job_id: exercise4-ValueIteration0-PolicyIteration1-exercise4_report
check_job_finished
 -          job_id: exercise4-ValueIteration0-exercise4_report
check_job_finished
 -          job_id: exercise4-ValueIteration0-PolicyIteration1-exercise4_report
check_job_finished
 -          job_id: exercise4-ValueIteration0-exercise4_report
check_job_finished
 -          job_id: exercise4-ValueIteration0-PolicyIteration1-exercise4_report
check_job_finished
 -          job_id: exercise4-ValueIteration0-exercise4_report
check_job_finished
 -          job_id: exercise4-ValueIteration0-PolicyIteration1-exercise4_report
check_job_finished
 -          job_id: exercise4-ValueIteration0-exercise4_report
check_job_finished
 -          job_id: exercise4-ValueIteration0-PolicyIteration1-exercise4_report
check_job_finished
 -          job_id: exercise4-ValueIteration0-exercise4_report
check_job_finished
 -          job_id: exercise4-ValueIteration0-PolicyIteration1-exercise4_report
check_job_finished
 -          job_id: exercise4-ValueIteration0-exercise4_report
check_job_finished
 -          job_id: exercise4-ValueIteration0-PolicyIteration1-exercise4_report
4: -  all_targets: 7
4: -      blocked: 0
4: -      deleted: 0
4: -         done: 3
4: -       failed: 0
4: -   processing: 2
4: -        ready: 0
4: -         todo: 2
4: 
4:  In more details:
4: -  all_targets: 7 ['_dynreports_create_index', 'exercise4-ValueIteration0-PolicyIteration1-algo_placeholder', 'exercise4-ValueIteration0-PolicyIteration1-exercise4_report', 'exercise4-ValueIteration0-PolicyIteration1-exercise4_report-write', 'exercise4-ValueIteration0-algo_placeholder', 'exercise4-ValueIteration0-exercise4_report', 'exercise4-ValueIteration0-exercise4_report-write']
4: -      blocked: -
4: -      deleted: -
4: -         done: 3 ['_dynreports_create_index', 'exercise4-ValueIteration0-PolicyIteration1-algo_placeholder', 'exercise4-ValueIteration0-algo_placeholder']
4: -       failed: -
4: -   processing: 2 ['exercise4-ValueIteration0-PolicyIteration1-exercise4_report', 'exercise4-ValueIteration0-exercise4_report']
4: -        ready: -
4: -         todo: 2 ['exercise4-ValueIteration0-PolicyIteration1-exercise4_report-write', 'exercise4-ValueIteration0-exercise4_report-write']
check_job_finished
 -          job_id: exercise4-ValueIteration0-exercise4_report
check_job_finished
 -          job_id: exercise4-ValueIteration0-PolicyIteration1-exercise4_report
check_job_finished
 -          job_id: exercise4-ValueIteration0-exercise4_report
check_job_finished
 -          job_id: exercise4-ValueIteration0-PolicyIteration1-exercise4_report
check_job_finished
 -          job_id: exercise4-ValueIteration0-exercise4_report
check_job_finished
 -          job_id: exercise4-ValueIteration0-PolicyIteration1-exercise4_report
check_job_finished
 -          job_id: exercise4-ValueIteration0-exercise4_report
check_job_finished
 -          job_id: exercise4-ValueIteration0-PolicyIteration1-exercise4_report
check_job_finished
 -          job_id: exercise4-ValueIteration0-exercise4_report
check_job_finished
 -          job_id: exercise4-ValueIteration0-PolicyIteration1-exercise4_report
check_job_finished
 -          job_id: exercise4-ValueIteration0-exercise4_report
check_job_finished
 -          job_id: exercise4-ValueIteration0-PolicyIteration1-exercise4_report
check_job_finished
 -          job_id: exercise4-ValueIteration0-exercise4_report
check_job_finished
 -          job_id: exercise4-ValueIteration0-PolicyIteration1-exercise4_report
check_job_finished
 -          job_id: exercise4-ValueIteration0-exercise4_report
check_job_finished
 -          job_id: exercise4-ValueIteration0-PolicyIteration1-exercise4_report
check_job_finished
 -          job_id: exercise4-ValueIteration0-exercise4_report
check_job_finished
 -          job_id: exercise4-ValueIteration0-PolicyIteration1-exercise4_report
check_job_finished
 -          job_id: exercise4-ValueIteration0-exercise4_report
check_job_finished
 -          job_id: exercise4-ValueIteration0-PolicyIteration1-exercise4_report
5: -  all_targets: 7
5: -      blocked: 0
5: -      deleted: 0
5: -         done: 3
5: -       failed: 0
5: -   processing: 2
5: -        ready: 0
5: -         todo: 2
5: 
5:  In more details:
5: -  all_targets: 7 ['_dynreports_create_index', 'exercise4-ValueIteration0-PolicyIteration1-algo_placeholder', 'exercise4-ValueIteration0-PolicyIteration1-exercise4_report', 'exercise4-ValueIteration0-PolicyIteration1-exercise4_report-write', 'exercise4-ValueIteration0-algo_placeholder', 'exercise4-ValueIteration0-exercise4_report', 'exercise4-ValueIteration0-exercise4_report-write']
5: -      blocked: -
5: -      deleted: -
5: -         done: 3 ['_dynreports_create_index', 'exercise4-ValueIteration0-PolicyIteration1-algo_placeholder', 'exercise4-ValueIteration0-algo_placeholder']
5: -       failed: -
5: -   processing: 2 ['exercise4-ValueIteration0-PolicyIteration1-exercise4_report', 'exercise4-ValueIteration0-exercise4_report']
5: -        ready: -
5: -         todo: 2 ['exercise4-ValueIteration0-PolicyIteration1-exercise4_report-write', 'exercise4-ValueIteration0-exercise4_report-write']
check_job_finished
 -          job_id: exercise4-ValueIteration0-exercise4_report
check_job_finished
 -          job_id: exercise4-ValueIteration0-PolicyIteration1-exercise4_report
check_job_finished
 -          job_id: exercise4-ValueIteration0-exercise4_report
check_job_finished
 -          job_id: exercise4-ValueIteration0-PolicyIteration1-exercise4_report
check_job_finished
 -          job_id: exercise4-ValueIteration0-exercise4_report
check_job_finished
 -          job_id: exercise4-ValueIteration0-PolicyIteration1-exercise4_report
check_job_finished
 -          job_id: exercise4-ValueIteration0-exercise4_report
check_job_finished
 -          job_id: exercise4-ValueIteration0-PolicyIteration1-exercise4_report
check_job_finished
 -          job_id: exercise4-ValueIteration0-exercise4_report
check_job_finished
 -          job_id: exercise4-ValueIteration0-PolicyIteration1-exercise4_report
check_job_finished
 -          job_id: exercise4-ValueIteration0-exercise4_report
check_job_finished
 -          job_id: exercise4-ValueIteration0-PolicyIteration1-exercise4_report
check_job_finished
 -          job_id: exercise4-ValueIteration0-exercise4_report
check_job_finished
 -          job_id: exercise4-ValueIteration0-PolicyIteration1-exercise4_report
check_job_finished
 -          job_id: exercise4-ValueIteration0-exercise4_report
check_job_finished
 -          job_id: exercise4-ValueIteration0-PolicyIteration1-exercise4_report
check_job_finished
 -          job_id: exercise4-ValueIteration0-exercise4_report
check_job_finished
 -          job_id: exercise4-ValueIteration0-PolicyIteration1-exercise4_report
check_job_finished
 -          job_id: exercise4-ValueIteration0-exercise4_report
check_job_finished
 -          job_id: exercise4-ValueIteration0-PolicyIteration1-exercise4_report
6: -  all_targets: 7
6: -      blocked: 0
6: -      deleted: 0
6: -         done: 3
6: -       failed: 0
6: -   processing: 2
6: -        ready: 0
6: -         todo: 2
6: 
6:  In more details:
6: -  all_targets: 7 ['_dynreports_create_index', 'exercise4-ValueIteration0-PolicyIteration1-algo_placeholder', 'exercise4-ValueIteration0-PolicyIteration1-exercise4_report', 'exercise4-ValueIteration0-PolicyIteration1-exercise4_report-write', 'exercise4-ValueIteration0-algo_placeholder', 'exercise4-ValueIteration0-exercise4_report', 'exercise4-ValueIteration0-exercise4_report-write']
6: -      blocked: -
6: -      deleted: -
6: -         done: 3 ['_dynreports_create_index', 'exercise4-ValueIteration0-PolicyIteration1-algo_placeholder', 'exercise4-ValueIteration0-algo_placeholder']
6: -       failed: -
6: -   processing: 2 ['exercise4-ValueIteration0-PolicyIteration1-exercise4_report', 'exercise4-ValueIteration0-exercise4_report']
6: -        ready: -
6: -         todo: 2 ['exercise4-ValueIteration0-PolicyIteration1-exercise4_report-write', 'exercise4-ValueIteration0-exercise4_report-write']
check_job_finished
 -          job_id: exercise4-ValueIteration0-exercise4_report
check_job_finished
 -          job_id: exercise4-ValueIteration0-PolicyIteration1-exercise4_report
check_job_finished
 -          job_id: exercise4-ValueIteration0-exercise4_report
check_job_finished
 -          job_id: exercise4-ValueIteration0-PolicyIteration1-exercise4_report
check_job_finished
 -          job_id: exercise4-ValueIteration0-exercise4_report
check_job_finished
 -          job_id: exercise4-ValueIteration0-PolicyIteration1-exercise4_report
check_job_finished
 -          job_id: exercise4-ValueIteration0-exercise4_report
check_job_finished
 -          job_id: exercise4-ValueIteration0-PolicyIteration1-exercise4_report
check_job_finished
 -          job_id: exercise4-ValueIteration0-exercise4_report
check_job_finished
 -          job_id: exercise4-ValueIteration0-PolicyIteration1-exercise4_report
check_job_finished
 -          job_id: exercise4-ValueIteration0-exercise4_report
check_job_finished
 -          job_id: exercise4-ValueIteration0-PolicyIteration1-exercise4_report
check_job_finished
 -          job_id: exercise4-ValueIteration0-exercise4_report
check_job_finished
 -          job_id: exercise4-ValueIteration0-PolicyIteration1-exercise4_report
check_job_finished
 -          job_id: exercise4-ValueIteration0-exercise4_report
check_job_finished
 -          job_id: exercise4-ValueIteration0-PolicyIteration1-exercise4_report
check_job_finished
 -          job_id: exercise4-ValueIteration0-exercise4_report
check_job_finished
 -          job_id: exercise4-ValueIteration0-PolicyIteration1-exercise4_report
check_job_finished
 -          job_id: exercise4-ValueIteration0-exercise4_report
check_job_finished
 -          job_id: exercise4-ValueIteration0-PolicyIteration1-exercise4_report
7: -  all_targets: 7
7: -      blocked: 0
7: -      deleted: 0
7: -         done: 3
7: -       failed: 0
7: -   processing: 2
7: -        ready: 0
7: -         todo: 2
7: 
7:  In more details:
7: -  all_targets: 7 ['_dynreports_create_index', 'exercise4-ValueIteration0-PolicyIteration1-algo_placeholder', 'exercise4-ValueIteration0-PolicyIteration1-exercise4_report', 'exercise4-ValueIteration0-PolicyIteration1-exercise4_report-write', 'exercise4-ValueIteration0-algo_placeholder', 'exercise4-ValueIteration0-exercise4_report', 'exercise4-ValueIteration0-exercise4_report-write']
7: -      blocked: -
7: -      deleted: -
7: -         done: 3 ['_dynreports_create_index', 'exercise4-ValueIteration0-PolicyIteration1-algo_placeholder', 'exercise4-ValueIteration0-algo_placeholder']
7: -       failed: -
7: -   processing: 2 ['exercise4-ValueIteration0-PolicyIteration1-exercise4_report', 'exercise4-ValueIteration0-exercise4_report']
7: -        ready: -
7: -         todo: 2 ['exercise4-ValueIteration0-PolicyIteration1-exercise4_report-write', 'exercise4-ValueIteration0-exercise4_report-write']
check_job_finished
 -          job_id: exercise4-ValueIteration0-exercise4_report
check_job_finished
 -          job_id: exercise4-ValueIteration0-PolicyIteration1-exercise4_report
check_job_finished
 -          job_id: exercise4-ValueIteration0-exercise4_report
check_job_finished
 -          job_id: exercise4-ValueIteration0-PolicyIteration1-exercise4_report
check_job_finished
 -          job_id: exercise4-ValueIteration0-exercise4_report
check_job_finished
 -          job_id: exercise4-ValueIteration0-PolicyIteration1-exercise4_report
check_job_finished
 -          job_id: exercise4-ValueIteration0-exercise4_report
check_job_finished
 -          job_id: exercise4-ValueIteration0-PolicyIteration1-exercise4_report
check_job_finished
 -          job_id: exercise4-ValueIteration0-exercise4_report
check_job_finished
 -          job_id: exercise4-ValueIteration0-PolicyIteration1-exercise4_report
check_job_finished
 -          job_id: exercise4-ValueIteration0-exercise4_report
check_job_finished
 -          job_id: exercise4-ValueIteration0-PolicyIteration1-exercise4_report
check_job_finished
 -          job_id: exercise4-ValueIteration0-exercise4_report
check_job_finished
 -          job_id: exercise4-ValueIteration0-PolicyIteration1-exercise4_report
check_job_finished
 -          job_id: exercise4-ValueIteration0-exercise4_report
check_job_finished
 -          job_id: exercise4-ValueIteration0-PolicyIteration1-exercise4_report
check_job_finished
 -          job_id: exercise4-ValueIteration0-exercise4_report
check_job_finished
 -          job_id: exercise4-ValueIteration0-PolicyIteration1-exercise4_report
check_job_finished
 -          job_id: exercise4-ValueIteration0-exercise4_report
check_job_finished
 -          job_id: exercise4-ValueIteration0-PolicyIteration1-exercise4_report
8: -  all_targets: 7
8: -      blocked: 0
8: -      deleted: 0
8: -         done: 3
8: -       failed: 0
8: -   processing: 2
8: -        ready: 0
8: -         todo: 2
8: 
8:  In more details:
8: -  all_targets: 7 ['_dynreports_create_index', 'exercise4-ValueIteration0-PolicyIteration1-algo_placeholder', 'exercise4-ValueIteration0-PolicyIteration1-exercise4_report', 'exercise4-ValueIteration0-PolicyIteration1-exercise4_report-write', 'exercise4-ValueIteration0-algo_placeholder', 'exercise4-ValueIteration0-exercise4_report', 'exercise4-ValueIteration0-exercise4_report-write']
8: -      blocked: -
8: -      deleted: -
8: -         done: 3 ['_dynreports_create_index', 'exercise4-ValueIteration0-PolicyIteration1-algo_placeholder', 'exercise4-ValueIteration0-algo_placeholder']
8: -       failed: -
8: -   processing: 2 ['exercise4-ValueIteration0-PolicyIteration1-exercise4_report', 'exercise4-ValueIteration0-exercise4_report']
8: -        ready: -
8: -         todo: 2 ['exercise4-ValueIteration0-PolicyIteration1-exercise4_report-write', 'exercise4-ValueIteration0-exercise4_report-write']
check_job_finished
 -          job_id: exercise4-ValueIteration0-exercise4_report
check_job_finished
 -          job_id: exercise4-ValueIteration0-PolicyIteration1-exercise4_report
check_job_finished
 -          job_id: exercise4-ValueIteration0-exercise4_report
check_job_finished
 -          job_id: exercise4-ValueIteration0-PolicyIteration1-exercise4_report
check_job_finished
 -          job_id: exercise4-ValueIteration0-exercise4_report
job_succeeded
 -          job_id: exercise4-ValueIteration0-exercise4_report
considering parents
 -    parents_todo: ['exercise4-ValueIteration0-exercise4_report-write']
considering opportuniny
 -          job_id: exercise4-ValueIteration0-exercise4_report
 -     opportunity: exercise4-ValueIteration0-exercise4_report-write
parent is ready
 -     opportunity: exercise4-ValueIteration0-exercise4_report-write
check_job_finished_handle_result
 -    deleted_jobs: []
 -          job_id: exercise4-ValueIteration0-exercise4_report
 -        new_jobs: []
 - user_object_deps: []
9: -  all_targets: 7
9: -      blocked: 0
9: -      deleted: 0
9: -         done: 4
9: -       failed: 0
9: -   processing: 1
9: -        ready: 1
9: -         todo: 1
9: 
9:  In more details:
9: -  all_targets: 7 ['_dynreports_create_index', 'exercise4-ValueIteration0-PolicyIteration1-algo_placeholder', 'exercise4-ValueIteration0-PolicyIteration1-exercise4_report', 'exercise4-ValueIteration0-PolicyIteration1-exercise4_report-write', 'exercise4-ValueIteration0-algo_placeholder', 'exercise4-ValueIteration0-exercise4_report', 'exercise4-ValueIteration0-exercise4_report-write']
9: -      blocked: -
9: -      deleted: -
9: -         done: 4 ['_dynreports_create_index', 'exercise4-ValueIteration0-PolicyIteration1-algo_placeholder', 'exercise4-ValueIteration0-algo_placeholder', 'exercise4-ValueIteration0-exercise4_report']
9: -       failed: -
9: -   processing: 1 ['exercise4-ValueIteration0-PolicyIteration1-exercise4_report']
9: -        ready: 1 ['exercise4-ValueIteration0-exercise4_report-write']
9: -         todo: 1 ['exercise4-ValueIteration0-PolicyIteration1-exercise4_report-write']
chosen next_job
 -          job_id: exercise4-ValueIteration0-exercise4_report-write
start_job
 -          job_id: exercise4-ValueIteration0-exercise4_report-write
check_job_finished
 -          job_id: exercise4-ValueIteration0-PolicyIteration1-exercise4_report
check_job_finished
 -          job_id: exercise4-ValueIteration0-exercise4_report-write
check_job_finished
 -          job_id: exercise4-ValueIteration0-PolicyIteration1-exercise4_report
check_job_finished
 -          job_id: exercise4-ValueIteration0-exercise4_report-write
check_job_finished
 -          job_id: exercise4-ValueIteration0-PolicyIteration1-exercise4_report
check_job_finished
 -          job_id: exercise4-ValueIteration0-exercise4_report-write
check_job_finished
 -          job_id: exercise4-ValueIteration0-PolicyIteration1-exercise4_report
check_job_finished
 -          job_id: exercise4-ValueIteration0-exercise4_report-write
check_job_finished
 -          job_id: exercise4-ValueIteration0-PolicyIteration1-exercise4_report
check_job_finished
 -          job_id: exercise4-ValueIteration0-exercise4_report-write
check_job_finished
 -          job_id: exercise4-ValueIteration0-PolicyIteration1-exercise4_report
check_job_finished
 -          job_id: exercise4-ValueIteration0-exercise4_report-write
check_job_finished
 -          job_id: exercise4-ValueIteration0-PolicyIteration1-exercise4_report
check_job_finished
 -          job_id: exercise4-ValueIteration0-exercise4_report-write
check_job_finished
 -          job_id: exercise4-ValueIteration0-PolicyIteration1-exercise4_report
check_job_finished
 -          job_id: exercise4-ValueIteration0-exercise4_report-write
check_job_finished
 -          job_id: exercise4-ValueIteration0-PolicyIteration1-exercise4_report
check_job_finished
 -          job_id: exercise4-ValueIteration0-exercise4_report-write
check_job_finished
 -          job_id: exercise4-ValueIteration0-PolicyIteration1-exercise4_report
check_job_finished
 -          job_id: exercise4-ValueIteration0-exercise4_report-write
10: -  all_targets: 7
10: -      blocked: 0
10: -      deleted: 0
10: -         done: 4
10: -       failed: 0
10: -   processing: 2
10: -        ready: 0
10: -         todo: 1
10: 
10:  In more details:
10: -  all_targets: 7 ['_dynreports_create_index', 'exercise4-ValueIteration0-PolicyIteration1-algo_placeholder', 'exercise4-ValueIteration0-PolicyIteration1-exercise4_report', 'exercise4-ValueIteration0-PolicyIteration1-exercise4_report-write', 'exercise4-ValueIteration0-algo_placeholder', 'exercise4-ValueIteration0-exercise4_report', 'exercise4-ValueIteration0-exercise4_report-write']
10: -      blocked: -
10: -      deleted: -
10: -         done: 4 ['_dynreports_create_index', 'exercise4-ValueIteration0-PolicyIteration1-algo_placeholder', 'exercise4-ValueIteration0-algo_placeholder', 'exercise4-ValueIteration0-exercise4_report']
10: -       failed: -
10: -   processing: 2 ['exercise4-ValueIteration0-PolicyIteration1-exercise4_report', 'exercise4-ValueIteration0-exercise4_report-write']
10: -        ready: -
10: -         todo: 1 ['exercise4-ValueIteration0-PolicyIteration1-exercise4_report-write']
check_job_finished
 -          job_id: exercise4-ValueIteration0-PolicyIteration1-exercise4_report
check_job_finished
 -          job_id: exercise4-ValueIteration0-exercise4_report-write
check_job_finished
 -          job_id: exercise4-ValueIteration0-PolicyIteration1-exercise4_report
check_job_finished
 -          job_id: exercise4-ValueIteration0-exercise4_report-write
check_job_finished
 -          job_id: exercise4-ValueIteration0-PolicyIteration1-exercise4_report
job_succeeded
 -          job_id: exercise4-ValueIteration0-PolicyIteration1-exercise4_report
considering parents
 -    parents_todo: ['exercise4-ValueIteration0-PolicyIteration1-exercise4_report-write']
considering opportuniny
 -          job_id: exercise4-ValueIteration0-PolicyIteration1-exercise4_report
 -     opportunity: exercise4-ValueIteration0-PolicyIteration1-exercise4_report-write
parent is ready
 -     opportunity: exercise4-ValueIteration0-PolicyIteration1-exercise4_report-write
check_job_finished_handle_result
 -    deleted_jobs: []
 -          job_id: exercise4-ValueIteration0-PolicyIteration1-exercise4_report
 -        new_jobs: []
 - user_object_deps: []
11: -  all_targets: 7
11: -      blocked: 0
11: -      deleted: 0
11: -         done: 5
11: -       failed: 0
11: -   processing: 1
11: -        ready: 1
11: -         todo: 0
11: 
11:  In more details:
11: -  all_targets: 7 ['_dynreports_create_index', 'exercise4-ValueIteration0-PolicyIteration1-algo_placeholder', 'exercise4-ValueIteration0-PolicyIteration1-exercise4_report', 'exercise4-ValueIteration0-PolicyIteration1-exercise4_report-write', 'exercise4-ValueIteration0-algo_placeholder', 'exercise4-ValueIteration0-exercise4_report', 'exercise4-ValueIteration0-exercise4_report-write']
11: -      blocked: -
11: -      deleted: -
11: -         done: 5 ['_dynreports_create_index', 'exercise4-ValueIteration0-PolicyIteration1-algo_placeholder', 'exercise4-ValueIteration0-PolicyIteration1-exercise4_report', 'exercise4-ValueIteration0-algo_placeholder', 'exercise4-ValueIteration0-exercise4_report']
11: -       failed: -
11: -   processing: 1 ['exercise4-ValueIteration0-exercise4_report-write']
11: -        ready: 1 ['exercise4-ValueIteration0-PolicyIteration1-exercise4_report-write']
11: -         todo: -
chosen next_job
 -          job_id: exercise4-ValueIteration0-PolicyIteration1-exercise4_report-write
start_job
 -          job_id: exercise4-ValueIteration0-PolicyIteration1-exercise4_report-write
check_job_finished
 -          job_id: exercise4-ValueIteration0-PolicyIteration1-exercise4_report-write
check_job_finished
 -          job_id: exercise4-ValueIteration0-exercise4_report-write
job_succeeded
 -          job_id: exercise4-ValueIteration0-exercise4_report-write
considering parents
 -    parents_todo: []
check_job_finished_handle_result
 -    deleted_jobs: []
 -          job_id: exercise4-ValueIteration0-exercise4_report-write
 -        new_jobs: []
 - user_object_deps: []
12: -  all_targets: 7
12: -      blocked: 0
12: -      deleted: 0
12: -         done: 6
12: -       failed: 0
12: -   processing: 1
12: -        ready: 0
12: -         todo: 0
12: 
12:  In more details:
12: -  all_targets: 7 ['_dynreports_create_index', 'exercise4-ValueIteration0-PolicyIteration1-algo_placeholder', 'exercise4-ValueIteration0-PolicyIteration1-exercise4_report', 'exercise4-ValueIteration0-PolicyIteration1-exercise4_report-write', 'exercise4-ValueIteration0-algo_placeholder', 'exercise4-ValueIteration0-exercise4_report', 'exercise4-ValueIteration0-exercise4_report-write']
12: -      blocked: -
12: -      deleted: -
12: -         done: 6 ['_dynreports_create_index', 'exercise4-ValueIteration0-PolicyIteration1-algo_placeholder', 'exercise4-ValueIteration0-PolicyIteration1-exercise4_report', 'exercise4-ValueIteration0-algo_placeholder', 'exercise4-ValueIteration0-exercise4_report', 'exercise4-ValueIteration0-exercise4_report-write']
12: -       failed: -
12: -   processing: 1 ['exercise4-ValueIteration0-PolicyIteration1-exercise4_report-write']
12: -        ready: -
12: -         todo: -
check_job_finished
 -          job_id: exercise4-ValueIteration0-PolicyIteration1-exercise4_report-write
check_job_finished
 -          job_id: exercise4-ValueIteration0-PolicyIteration1-exercise4_report-write
job_succeeded
 -          job_id: exercise4-ValueIteration0-PolicyIteration1-exercise4_report-write
considering parents
 -    parents_todo: []
check_job_finished_handle_result
 -    deleted_jobs: []
 -          job_id: exercise4-ValueIteration0-PolicyIteration1-exercise4_report-write
 -        new_jobs: []
 - user_object_deps: []
ending: -  all_targets: 7
ending: -      blocked: 0
ending: -      deleted: 0
ending: -         done: 7
ending: -       failed: 0
ending: -   processing: 0
ending: -        ready: 0
ending: -         todo: 0
ending: 
ending:  In more details:
ending: -  all_targets: 7 ['_dynreports_create_index', 'exercise4-ValueIteration0-PolicyIteration1-algo_placeholder', 'exercise4-ValueIteration0-PolicyIteration1-exercise4_report', 'exercise4-ValueIteration0-PolicyIteration1-exercise4_report-write', 'exercise4-ValueIteration0-algo_placeholder', 'exercise4-ValueIteration0-exercise4_report', 'exercise4-ValueIteration0-exercise4_report-write']
ending: -      blocked: -
ending: -      deleted: -
ending: -         done: 7 ['_dynreports_create_index', 'exercise4-ValueIteration0-PolicyIteration1-algo_placeholder', 'exercise4-ValueIteration0-PolicyIteration1-exercise4_report', 'exercise4-ValueIteration0-PolicyIteration1-exercise4_report-write', 'exercise4-ValueIteration0-algo_placeholder', 'exercise4-ValueIteration0-exercise4_report', 'exercise4-ValueIteration0-exercise4_report-write']
ending: -       failed: -
ending: -   processing: -
ending: -        ready: -
ending: -         todo: -
Coverage not detected
