parmake_sub_00: started pmake_worker()
parmake_sub_00: Listening for job
parmake_sub_00: got job: (<function parmake_job2 at 0xffff8256d430>, ('_dynreports_create_index', <compmake.context.Context object at 0xffff61dd3400>, 'q-281472825259152-2832', True, '/out-docker/exercise4/compmake/parmake_job2_logs'))
parmake_sub_00: result: {'user_object': None, 'user_object_deps': set(), 'new_jobs': {'exercise4-ValueIteration0-PolicyIteration1-exercise4_report-write', 'exercise4-ValueIteration0-exercise4_report-write'}, 'deleted_jobs': set()}
parmake_sub_00: putting result in result_queue..
parmake_sub_00: (done)
parmake_sub_00: ...done.
parmake_sub_00: Listening for job
parmake_sub_00: got job: (<function parmake_job2 at 0xffff8256d430>, ('exercise4-ValueIteration0-PolicyIteration1-exercise4_report', <compmake.context.Context object at 0xffff61aa9970>, 'q-281472825259152-2832', True, '/out-docker/exercise4/compmake/parmake_job2_logs'))
parmake_sub_00: result: {'user_object': None, 'user_object_deps': set(), 'new_jobs': [], 'deleted_jobs': set()}
parmake_sub_00: putting result in result_queue..
parmake_sub_00: (done)
parmake_sub_00: ...done.
parmake_sub_00: Listening for job
parmake_sub_00: got job: (<function parmake_job2 at 0xffff8256d430>, ('exercise4-ValueIteration0-PolicyIteration1-exercise4_report-write', <compmake.context.Context object at 0xffff61dd3400>, 'q-281472825259152-2832', True, '/out-docker/exercise4/compmake/parmake_job2_logs'))
parmake_sub_00: result: {'user_object': None, 'user_object_deps': set(), 'new_jobs': [], 'deleted_jobs': set()}
parmake_sub_00: putting result in result_queue..
parmake_sub_00: (done)
parmake_sub_00: ...done.
parmake_sub_00: Listening for job
parmake_sub_00: Received EXIT_TOKEN.
parmake_sub_00: saving coverage
