parmake_sub_01: started pmake_worker()
parmake_sub_01: Listening for job
parmake_sub_01: got job: (<function parmake_job2 at 0xffff8256d430>, ('exercise4-ValueIteration0-algo_placeholder', <compmake.context.Context object at 0xffff61dd3b50>, 'q-281472825259152-2832', True, '/out-docker/exercise4/compmake/parmake_job2_logs'))
parmake_sub_01: result: {'user_object': None, 'user_object_deps': set(), 'new_jobs': [], 'deleted_jobs': set()}
parmake_sub_01: putting result in result_queue..
parmake_sub_01: (done)
parmake_sub_01: ...done.
parmake_sub_01: Listening for job
parmake_sub_01: got job: (<function parmake_job2 at 0xffff8256d430>, ('exercise4-ValueIteration0-exercise4_report', <compmake.context.Context object at 0xffff61aa48e0>, 'q-281472825259152-2832', True, '/out-docker/exercise4/compmake/parmake_job2_logs'))
parmake_sub_01: result: {'user_object': None, 'user_object_deps': set(), 'new_jobs': [], 'deleted_jobs': set()}
parmake_sub_01: putting result in result_queue..
parmake_sub_01: (done)
parmake_sub_01: ...done.
parmake_sub_01: Listening for job
parmake_sub_01: got job: (<function parmake_job2 at 0xffff8256d430>, ('exercise4-ValueIteration0-exercise4_report-write', <compmake.context.Context object at 0xffff61aa4df0>, 'q-281472825259152-2832', True, '/out-docker/exercise4/compmake/parmake_job2_logs'))
parmake_sub_01: result: {'user_object': None, 'user_object_deps': set(), 'new_jobs': [], 'deleted_jobs': set()}
parmake_sub_01: putting result in result_queue..
parmake_sub_01: (done)
parmake_sub_01: ...done.
parmake_sub_01: Listening for job
parmake_sub_01: Received EXIT_TOKEN.
