parmake_sub_00: started pmake_worker()
parmake_sub_00: Listening for job
parmake_sub_00: got job: (<function parmake_job2 at 0xffffb1e4b430>, ('_dynreports_create_index', <compmake.context.Context object at 0xffff916e21f0>, 'q-281473124197952-508', True, '/out-docker/exercise1/compmake/parmake_job2_logs'))
parmake_sub_00: result: {'user_object': None, 'user_object_deps': set(), 'new_jobs': {'exercise1-0-exercise1_report-write'}, 'deleted_jobs': set()}
parmake_sub_00: putting result in result_queue..
parmake_sub_00: (done)
parmake_sub_00: ...done.
parmake_sub_00: Listening for job
parmake_sub_00: got job: (<function parmake_job2 at 0xffffb1e4b430>, ('exercise1-0-exercise1_report', <compmake.context.Context object at 0xffff9139ffa0>, 'q-281473124197952-508', True, '/out-docker/exercise1/compmake/parmake_job2_logs'))
parmake_sub_00: result: {'user_object': None, 'user_object_deps': set(), 'new_jobs': [], 'deleted_jobs': set()}
parmake_sub_00: putting result in result_queue..
parmake_sub_00: (done)
parmake_sub_00: ...done.
parmake_sub_00: Listening for job
parmake_sub_00: got job: (<function parmake_job2 at 0xffffb1e4b430>, ('exercise1-0-exercise1_report-write', <compmake.context.Context object at 0xffff916e21f0>, 'q-281473124197952-508', True, '/out-docker/exercise1/compmake/parmake_job2_logs'))
parmake_sub_00: result: {'user_object': None, 'user_object_deps': set(), 'new_jobs': [], 'deleted_jobs': set()}
parmake_sub_00: putting result in result_queue..
parmake_sub_00: (done)
parmake_sub_00: ...done.
parmake_sub_00: Listening for job
parmake_sub_00: Received EXIT_TOKEN.
